{"uid":"14e4781ef62e28e4","name":"Verify Navigation from Main Image Section","fullName":"src/test/resources/features/us02_CatalogPageVerification.feature:178","historyId":"2fc9c37c315821e92cd318a1e590d1e4","time":{"start":1728025697947,"stop":1728025704031,"duration":6084},"description":"  As a user of the JPetStore application,\n  I want to ensure that the \"Catalog\" page is displayed correctly and that all elements, links, and text are functioning as expected,\n  So that I can confidently navigate through the catalog and access the correct pages.","descriptionHtml":"<p>As a user of the JPetStore application,<br />\nI want to ensure that the &quot;Catalog&quot; page is displayed correctly and that all elements, links, and text are functioning as expected,<br />\nSo that I can confidently navigate through the catalog and access the correct pages.</p>\n","status":"broken","statusMessage":"Element <area href=\"Catalog.action?viewCategory=&categoryId=DOGS\"> could not be scrolled into view\nBuild info: version: '4.23.0', revision: '4df0a231af'\nSystem info: os.name: 'Linux', os.arch: 'amd64', os.version: '6.8.0-1014-azure', java.version: '11.0.24'\nDriver info: org.openqa.selenium.firefox.FirefoxDriver\nCommand: [e28db0e0-af32-43f9-8e0b-f4b38389520d, clickElement {id=55b6ab39-a7ab-4362-9869-13b677b9c66d}]\nCapabilities {acceptInsecureCerts: true, browserName: firefox, browserVersion: 130.0.1, moz:accessibilityChecks: false, moz:buildID: 20240913135723, moz:debuggerAddress: 127.0.0.1:17193, moz:geckodriverVersion: 0.35.0, moz:headless: true, moz:platformVersion: 6.8.0-1014-azure, moz:processID: 25931, moz:profile: /tmp/rust_mozprofileL6J3sp, moz:shutdownTimeout: 60000, moz:webdriverClick: true, moz:windowless: false, pageLoadStrategy: normal, platformName: linux, proxy: Proxy(), se:cdp: ws://127.0.0.1:17193/devtoo..., se:cdpVersion: 85.0, setWindowRect: true, strictFileInteractability: false, timeouts: {implicit: 0, pageLoad: 300000, script: 30000}, unhandledPromptBehavior: dismiss and notify, userAgent: Mozilla/5.0 (X11; Ubuntu; L...}\nElement: [[FirefoxDriver: firefox on linux (e28db0e0-af32-43f9-8e0b-f4b38389520d)] -> css selector: #MainImageContent area[href*='DOGS']]\nSession ID: e28db0e0-af32-43f9-8e0b-f4b38389520d","statusTrace":"org.openqa.selenium.ElementNotInteractableException: Element <area href=\"Catalog.action?viewCategory=&categoryId=DOGS\"> could not be scrolled into view\nBuild info: version: '4.23.0', revision: '4df0a231af'\nSystem info: os.name: 'Linux', os.arch: 'amd64', os.version: '6.8.0-1014-azure', java.version: '11.0.24'\nDriver info: org.openqa.selenium.firefox.FirefoxDriver\nCommand: [e28db0e0-af32-43f9-8e0b-f4b38389520d, clickElement {id=55b6ab39-a7ab-4362-9869-13b677b9c66d}]\nCapabilities {acceptInsecureCerts: true, browserName: firefox, browserVersion: 130.0.1, moz:accessibilityChecks: false, moz:buildID: 20240913135723, moz:debuggerAddress: 127.0.0.1:17193, moz:geckodriverVersion: 0.35.0, moz:headless: true, moz:platformVersion: 6.8.0-1014-azure, moz:processID: 25931, moz:profile: /tmp/rust_mozprofileL6J3sp, moz:shutdownTimeout: 60000, moz:webdriverClick: true, moz:windowless: false, pageLoadStrategy: normal, platformName: linux, proxy: Proxy(), se:cdp: ws://127.0.0.1:17193/devtoo..., se:cdpVersion: 85.0, setWindowRect: true, strictFileInteractability: false, timeouts: {implicit: 0, pageLoad: 300000, script: 30000}, unhandledPromptBehavior: dismiss and notify, userAgent: Mozilla/5.0 (X11; Ubuntu; L...}\nElement: [[FirefoxDriver: firefox on linux (e28db0e0-af32-43f9-8e0b-f4b38389520d)] -> css selector: #MainImageContent area[href*='DOGS']]\nSession ID: e28db0e0-af32-43f9-8e0b-f4b38389520d\n\tat java.base/jdk.internal.reflect.NativeConstructorAccessorImpl.newInstance0(Native Method)\n\tat java.base/jdk.internal.reflect.NativeConstructorAccessorImpl.newInstance(NativeConstructorAccessorImpl.java:62)\n\tat java.base/jdk.internal.reflect.DelegatingConstructorAccessorImpl.newInstance(DelegatingConstructorAccessorImpl.java:45)\n\tat java.base/java.lang.reflect.Constructor.newInstance(Constructor.java:490)\n\tat org.openqa.selenium.remote.ErrorCodec.decode(ErrorCodec.java:167)\n\tat org.openqa.selenium.remote.codec.w3c.W3CHttpResponseCodec.decode(W3CHttpResponseCodec.java:138)\n\tat org.openqa.selenium.remote.codec.w3c.W3CHttpResponseCodec.decode(W3CHttpResponseCodec.java:50)\n\tat org.openqa.selenium.remote.HttpCommandExecutor.execute(HttpCommandExecutor.java:190)\n\tat org.openqa.selenium.remote.service.DriverCommandExecutor.invokeExecute(DriverCommandExecutor.java:216)\n\tat org.openqa.selenium.remote.service.DriverCommandExecutor.execute(DriverCommandExecutor.java:174)\n\tat org.openqa.selenium.remote.RemoteWebDriver.execute(RemoteWebDriver.java:527)\n\tat org.openqa.selenium.remote.RemoteWebElement.execute(RemoteWebElement.java:223)\n\tat org.openqa.selenium.remote.RemoteWebElement.click(RemoteWebElement.java:76)\n\tat com.octoperf.jpetstore6.utilities.WaitUtils.clickAfterWait(WaitUtils.java:217)\n\tat com.octoperf.jpetstore6.pages.P03_CatalogPage.clickLinkInMainImageByCategoryName(P03_CatalogPage.java:187)\n\tat com.octoperf.jpetstore6.stepDefs.SD02_CatalogPage.i_click_on_the_in_the_main_image_section(SD02_CatalogPage.java:115)\n\tat ✽.I click on the \"Dogs\" in the main image section(file:///home/runner/work/jpetstore6-webui-cross-browser-and-cross-platform-test-automation/jpetstore6-webui-cross-browser-and-cross-platform-test-automation/src/test/resources/features/us02_CatalogPageVerification.feature:173)\n","flaky":false,"newFailed":false,"newBroken":false,"newPassed":false,"retriesCount":0,"retriesStatusChange":false,"beforeStages":[{"name":"com.octoperf.jpetstore6.stepDefs.Hooks.setupMethod()","time":{"start":1728025697947,"stop":1728025702055,"duration":4108},"status":"passed","steps":[],"attachments":[],"parameters":[],"shouldDisplayMessage":false,"stepsCount":0,"attachmentsCount":0,"hasContent":false,"attachmentStep":false}],"testStage":{"description":"  As a user of the JPetStore application,\n  I want to ensure that the \"Catalog\" page is displayed correctly and that all elements, links, and text are functioning as expected,\n  So that I can confidently navigate through the catalog and access the correct pages.","status":"broken","statusMessage":"Element <area href=\"Catalog.action?viewCategory=&categoryId=DOGS\"> could not be scrolled into view\nBuild info: version: '4.23.0', revision: '4df0a231af'\nSystem info: os.name: 'Linux', os.arch: 'amd64', os.version: '6.8.0-1014-azure', java.version: '11.0.24'\nDriver info: org.openqa.selenium.firefox.FirefoxDriver\nCommand: [e28db0e0-af32-43f9-8e0b-f4b38389520d, clickElement {id=55b6ab39-a7ab-4362-9869-13b677b9c66d}]\nCapabilities {acceptInsecureCerts: true, browserName: firefox, browserVersion: 130.0.1, moz:accessibilityChecks: false, moz:buildID: 20240913135723, moz:debuggerAddress: 127.0.0.1:17193, moz:geckodriverVersion: 0.35.0, moz:headless: true, moz:platformVersion: 6.8.0-1014-azure, moz:processID: 25931, moz:profile: /tmp/rust_mozprofileL6J3sp, moz:shutdownTimeout: 60000, moz:webdriverClick: true, moz:windowless: false, pageLoadStrategy: normal, platformName: linux, proxy: Proxy(), se:cdp: ws://127.0.0.1:17193/devtoo..., se:cdpVersion: 85.0, setWindowRect: true, strictFileInteractability: false, timeouts: {implicit: 0, pageLoad: 300000, script: 30000}, unhandledPromptBehavior: dismiss and notify, userAgent: Mozilla/5.0 (X11; Ubuntu; L...}\nElement: [[FirefoxDriver: firefox on linux (e28db0e0-af32-43f9-8e0b-f4b38389520d)] -> css selector: #MainImageContent area[href*='DOGS']]\nSession ID: e28db0e0-af32-43f9-8e0b-f4b38389520d","statusTrace":"org.openqa.selenium.ElementNotInteractableException: Element <area href=\"Catalog.action?viewCategory=&categoryId=DOGS\"> could not be scrolled into view\nBuild info: version: '4.23.0', revision: '4df0a231af'\nSystem info: os.name: 'Linux', os.arch: 'amd64', os.version: '6.8.0-1014-azure', java.version: '11.0.24'\nDriver info: org.openqa.selenium.firefox.FirefoxDriver\nCommand: [e28db0e0-af32-43f9-8e0b-f4b38389520d, clickElement {id=55b6ab39-a7ab-4362-9869-13b677b9c66d}]\nCapabilities {acceptInsecureCerts: true, browserName: firefox, browserVersion: 130.0.1, moz:accessibilityChecks: false, moz:buildID: 20240913135723, moz:debuggerAddress: 127.0.0.1:17193, moz:geckodriverVersion: 0.35.0, moz:headless: true, moz:platformVersion: 6.8.0-1014-azure, moz:processID: 25931, moz:profile: /tmp/rust_mozprofileL6J3sp, moz:shutdownTimeout: 60000, moz:webdriverClick: true, moz:windowless: false, pageLoadStrategy: normal, platformName: linux, proxy: Proxy(), se:cdp: ws://127.0.0.1:17193/devtoo..., se:cdpVersion: 85.0, setWindowRect: true, strictFileInteractability: false, timeouts: {implicit: 0, pageLoad: 300000, script: 30000}, unhandledPromptBehavior: dismiss and notify, userAgent: Mozilla/5.0 (X11; Ubuntu; L...}\nElement: [[FirefoxDriver: firefox on linux (e28db0e0-af32-43f9-8e0b-f4b38389520d)] -> css selector: #MainImageContent area[href*='DOGS']]\nSession ID: e28db0e0-af32-43f9-8e0b-f4b38389520d\n\tat java.base/jdk.internal.reflect.NativeConstructorAccessorImpl.newInstance0(Native Method)\n\tat java.base/jdk.internal.reflect.NativeConstructorAccessorImpl.newInstance(NativeConstructorAccessorImpl.java:62)\n\tat java.base/jdk.internal.reflect.DelegatingConstructorAccessorImpl.newInstance(DelegatingConstructorAccessorImpl.java:45)\n\tat java.base/java.lang.reflect.Constructor.newInstance(Constructor.java:490)\n\tat org.openqa.selenium.remote.ErrorCodec.decode(ErrorCodec.java:167)\n\tat org.openqa.selenium.remote.codec.w3c.W3CHttpResponseCodec.decode(W3CHttpResponseCodec.java:138)\n\tat org.openqa.selenium.remote.codec.w3c.W3CHttpResponseCodec.decode(W3CHttpResponseCodec.java:50)\n\tat org.openqa.selenium.remote.HttpCommandExecutor.execute(HttpCommandExecutor.java:190)\n\tat org.openqa.selenium.remote.service.DriverCommandExecutor.invokeExecute(DriverCommandExecutor.java:216)\n\tat org.openqa.selenium.remote.service.DriverCommandExecutor.execute(DriverCommandExecutor.java:174)\n\tat org.openqa.selenium.remote.RemoteWebDriver.execute(RemoteWebDriver.java:527)\n\tat org.openqa.selenium.remote.RemoteWebElement.execute(RemoteWebElement.java:223)\n\tat org.openqa.selenium.remote.RemoteWebElement.click(RemoteWebElement.java:76)\n\tat com.octoperf.jpetstore6.utilities.WaitUtils.clickAfterWait(WaitUtils.java:217)\n\tat com.octoperf.jpetstore6.pages.P03_CatalogPage.clickLinkInMainImageByCategoryName(P03_CatalogPage.java:187)\n\tat com.octoperf.jpetstore6.stepDefs.SD02_CatalogPage.i_click_on_the_in_the_main_image_section(SD02_CatalogPage.java:115)\n\tat ✽.I click on the \"Dogs\" in the main image section(file:///home/runner/work/jpetstore6-webui-cross-browser-and-cross-platform-test-automation/jpetstore6-webui-cross-browser-and-cross-platform-test-automation/src/test/resources/features/us02_CatalogPageVerification.feature:173)\n","steps":[{"name":"Given I am on the \"Welcome\" page","time":{"start":1728025702056,"stop":1728025702057,"duration":1},"status":"passed","steps":[],"attachments":[],"parameters":[],"shouldDisplayMessage":false,"stepsCount":0,"attachmentsCount":0,"hasContent":false,"attachmentStep":false},{"name":"Given I click on the \"Enter The Store Link\"","time":{"start":1728025702057,"stop":1728025702628,"duration":571},"status":"passed","steps":[],"attachments":[],"parameters":[],"shouldDisplayMessage":false,"stepsCount":0,"attachmentsCount":0,"hasContent":false,"attachmentStep":false},{"name":"Given I am on the \"Catalog\" page","time":{"start":1728025702628,"stop":1728025702629,"duration":1},"status":"passed","steps":[],"attachments":[],"parameters":[],"shouldDisplayMessage":false,"stepsCount":0,"attachmentsCount":0,"hasContent":false,"attachmentStep":false},{"name":"When I click on the \"Dogs\" in the main image section","time":{"start":1728025702629,"stop":1728025702687,"duration":58},"status":"broken","statusMessage":"Element <area href=\"Catalog.action?viewCategory=&categoryId=DOGS\"> could not be scrolled into view\nBuild info: version: '4.23.0', revision: '4df0a231af'\nSystem info: os.name: 'Linux', os.arch: 'amd64', os.version: '6.8.0-1014-azure', java.version: '11.0.24'\nDriver info: org.openqa.selenium.firefox.FirefoxDriver\nCommand: [e28db0e0-af32-43f9-8e0b-f4b38389520d, clickElement {id=55b6ab39-a7ab-4362-9869-13b677b9c66d}]\nCapabilities {acceptInsecureCerts: true, browserName: firefox, browserVersion: 130.0.1, moz:accessibilityChecks: false, moz:buildID: 20240913135723, moz:debuggerAddress: 127.0.0.1:17193, moz:geckodriverVersion: 0.35.0, moz:headless: true, moz:platformVersion: 6.8.0-1014-azure, moz:processID: 25931, moz:profile: /tmp/rust_mozprofileL6J3sp, moz:shutdownTimeout: 60000, moz:webdriverClick: true, moz:windowless: false, pageLoadStrategy: normal, platformName: linux, proxy: Proxy(), se:cdp: ws://127.0.0.1:17193/devtoo..., se:cdpVersion: 85.0, setWindowRect: true, strictFileInteractability: false, timeouts: {implicit: 0, pageLoad: 300000, script: 30000}, unhandledPromptBehavior: dismiss and notify, userAgent: Mozilla/5.0 (X11; Ubuntu; L...}\nElement: [[FirefoxDriver: firefox on linux (e28db0e0-af32-43f9-8e0b-f4b38389520d)] -> css selector: #MainImageContent area[href*='DOGS']]\nSession ID: e28db0e0-af32-43f9-8e0b-f4b38389520d","statusTrace":"org.openqa.selenium.ElementNotInteractableException: Element <area href=\"Catalog.action?viewCategory=&categoryId=DOGS\"> could not be scrolled into view\nBuild info: version: '4.23.0', revision: '4df0a231af'\nSystem info: os.name: 'Linux', os.arch: 'amd64', os.version: '6.8.0-1014-azure', java.version: '11.0.24'\nDriver info: org.openqa.selenium.firefox.FirefoxDriver\nCommand: [e28db0e0-af32-43f9-8e0b-f4b38389520d, clickElement {id=55b6ab39-a7ab-4362-9869-13b677b9c66d}]\nCapabilities {acceptInsecureCerts: true, browserName: firefox, browserVersion: 130.0.1, moz:accessibilityChecks: false, moz:buildID: 20240913135723, moz:debuggerAddress: 127.0.0.1:17193, moz:geckodriverVersion: 0.35.0, moz:headless: true, moz:platformVersion: 6.8.0-1014-azure, moz:processID: 25931, moz:profile: /tmp/rust_mozprofileL6J3sp, moz:shutdownTimeout: 60000, moz:webdriverClick: true, moz:windowless: false, pageLoadStrategy: normal, platformName: linux, proxy: Proxy(), se:cdp: ws://127.0.0.1:17193/devtoo..., se:cdpVersion: 85.0, setWindowRect: true, strictFileInteractability: false, timeouts: {implicit: 0, pageLoad: 300000, script: 30000}, unhandledPromptBehavior: dismiss and notify, userAgent: Mozilla/5.0 (X11; Ubuntu; L...}\nElement: [[FirefoxDriver: firefox on linux (e28db0e0-af32-43f9-8e0b-f4b38389520d)] -> css selector: #MainImageContent area[href*='DOGS']]\nSession ID: e28db0e0-af32-43f9-8e0b-f4b38389520d\n\tat java.base/jdk.internal.reflect.NativeConstructorAccessorImpl.newInstance0(Native Method)\n\tat java.base/jdk.internal.reflect.NativeConstructorAccessorImpl.newInstance(NativeConstructorAccessorImpl.java:62)\n\tat java.base/jdk.internal.reflect.DelegatingConstructorAccessorImpl.newInstance(DelegatingConstructorAccessorImpl.java:45)\n\tat java.base/java.lang.reflect.Constructor.newInstance(Constructor.java:490)\n\tat org.openqa.selenium.remote.ErrorCodec.decode(ErrorCodec.java:167)\n\tat org.openqa.selenium.remote.codec.w3c.W3CHttpResponseCodec.decode(W3CHttpResponseCodec.java:138)\n\tat org.openqa.selenium.remote.codec.w3c.W3CHttpResponseCodec.decode(W3CHttpResponseCodec.java:50)\n\tat org.openqa.selenium.remote.HttpCommandExecutor.execute(HttpCommandExecutor.java:190)\n\tat org.openqa.selenium.remote.service.DriverCommandExecutor.invokeExecute(DriverCommandExecutor.java:216)\n\tat org.openqa.selenium.remote.service.DriverCommandExecutor.execute(DriverCommandExecutor.java:174)\n\tat org.openqa.selenium.remote.RemoteWebDriver.execute(RemoteWebDriver.java:527)\n\tat org.openqa.selenium.remote.RemoteWebElement.execute(RemoteWebElement.java:223)\n\tat org.openqa.selenium.remote.RemoteWebElement.click(RemoteWebElement.java:76)\n\tat com.octoperf.jpetstore6.utilities.WaitUtils.clickAfterWait(WaitUtils.java:217)\n\tat com.octoperf.jpetstore6.pages.P03_CatalogPage.clickLinkInMainImageByCategoryName(P03_CatalogPage.java:187)\n\tat com.octoperf.jpetstore6.stepDefs.SD02_CatalogPage.i_click_on_the_in_the_main_image_section(SD02_CatalogPage.java:115)\n\tat ✽.I click on the \"Dogs\" in the main image section(file:///home/runner/work/jpetstore6-webui-cross-browser-and-cross-platform-test-automation/jpetstore6-webui-cross-browser-and-cross-platform-test-automation/src/test/resources/features/us02_CatalogPageVerification.feature:173)\n","steps":[],"attachments":[],"parameters":[],"shouldDisplayMessage":true,"stepsCount":0,"attachmentsCount":0,"hasContent":true,"attachmentStep":false},{"name":"Then The page title \"JPetStore Demo\" and the URL \"https://petstore.octoperf.com/actions/Catalog.action?viewCategory=&categoryId=DOGS\" should match the expected value","time":{"start":1728025702688,"stop":1728025702688,"duration":0},"status":"skipped","steps":[],"attachments":[],"parameters":[],"shouldDisplayMessage":false,"stepsCount":0,"attachmentsCount":0,"hasContent":false,"attachmentStep":false}],"attachments":[],"parameters":[],"shouldDisplayMessage":false,"stepsCount":5,"attachmentsCount":0,"hasContent":true,"attachmentStep":false},"afterStages":[{"name":"com.octoperf.jpetstore6.stepDefs.Hooks.tearDown(io.cucumber.java.Scenario)","time":{"start":1728025702688,"stop":1728025704030,"duration":1342},"status":"passed","steps":[],"attachments":[{"uid":"81245d38c37d3bb5","name":"Verify Navigation from Main Image Section","source":"81245d38c37d3bb5.png","type":"image/png","size":253540},{"uid":"a699ede416d7864","name":"Test Log","source":"a699ede416d7864.txt","type":"text/plain","size":200140}],"parameters":[],"shouldDisplayMessage":false,"stepsCount":0,"attachmentsCount":2,"hasContent":true,"attachmentStep":false}],"labels":[{"name":"tag","value":"us02"},{"name":"tag","value":"us02ac08"},{"name":"host","value":"fv-az1498-702"},{"name":"thread","value":"1826@fv-az1498-702.pool-3-thread-2(16)"},{"name":"feature","value":"Catalog Page Verification"},{"name":"story","value":"Verify Navigation from Main Image Section"},{"name":"suite","value":"Catalog Page Verification"},{"name":"testClass","value":"Verify Navigation from Main Image Section"},{"name":"framework","value":"cucumber4jvm"},{"name":"language","value":"java"},{"name":"gherkin_uri","value":"file:///home/runner/work/jpetstore6-webui-cross-browser-and-cross-platform-test-automation/jpetstore6-webui-cross-browser-and-cross-platform-test-automation/src/test/resources/features/us02_CatalogPageVerification.feature"},{"name":"package","value":"src.test.resources.features.us02_CatalogPageVerification_feature.Catalog Page Verification"},{"name":"resultFormat","value":"allure2"}],"parameters":[{"name":"link","value":"Dogs"},{"name":"pageTitle","value":"JPetStore Demo"},{"name":"pageURL","value":"https://petstore.octoperf.com/actions/Catalog.action?viewCategory=&categoryId=DOGS"}],"links":[],"hidden":true,"retry":true,"extra":{"categories":[],"tags":["us02","us02ac08"]},"source":"14e4781ef62e28e4.json","parameterValues":["Dogs","JPetStore Demo","https://petstore.octoperf.com/actions/Catalog.action?viewCategory=&categoryId=DOGS"]}