{"uid":"46f1e9923777e32d","name":"Verify Category Page Details from Main Image Section","fullName":"src/test/resources/features/us07_CategoryPageVerification.feature:100","historyId":"d57c5b2a141cfb90f0d40fb89b78f3e2","time":{"start":1726470658915,"stop":1726470664707,"duration":5792},"description":"  As a user of the JPetStore application,\n  I want to ensure that the Category page displays correctly for different categories and that all functionalities work as expected,\n  So that I can view and navigate through the products in each category without issues.","descriptionHtml":"<p>As a user of the JPetStore application,<br />\nI want to ensure that the Category page displays correctly for different categories and that all functionalities work as expected,<br />\nSo that I can view and navigate through the products in each category without issues.</p>\n","status":"broken","statusMessage":"Element <area href=\"Catalog.action?viewCategory=&categoryId=DOGS\"> could not be scrolled into view\nBuild info: version: '4.23.0', revision: '4df0a231af'\nSystem info: os.name: 'Linux', os.arch: 'amd64', os.version: '6.5.0-1025-azure', java.version: '11.0.24'\nDriver info: org.openqa.selenium.firefox.FirefoxDriver\nCommand: [7a298623-b86d-49c0-ab3e-bc8853b20a32, clickElement {id=9bcb1970-ce5b-43c9-a9ab-c815c0bdf5be}]\nCapabilities {acceptInsecureCerts: true, browserName: firefox, browserVersion: 130.0, moz:accessibilityChecks: false, moz:buildID: 20240829075237, moz:debuggerAddress: 127.0.0.1:8795, moz:geckodriverVersion: 0.35.0, moz:headless: true, moz:platformVersion: 6.5.0-1025-azure, moz:processID: 53297, moz:profile: /tmp/rust_mozprofile8MnuxB, moz:shutdownTimeout: 60000, moz:webdriverClick: true, moz:windowless: false, pageLoadStrategy: normal, platformName: linux, proxy: Proxy(), se:cdp: ws://127.0.0.1:8795/devtool..., se:cdpVersion: 85.0, setWindowRect: true, strictFileInteractability: false, timeouts: {implicit: 0, pageLoad: 300000, script: 30000}, unhandledPromptBehavior: dismiss and notify, userAgent: Mozilla/5.0 (X11; Ubuntu; L...}\nElement: [[FirefoxDriver: firefox on linux (7a298623-b86d-49c0-ab3e-bc8853b20a32)] -> css selector: #MainImageContent area[href*='DOGS']]\nSession ID: 7a298623-b86d-49c0-ab3e-bc8853b20a32","statusTrace":"org.openqa.selenium.ElementNotInteractableException: Element <area href=\"Catalog.action?viewCategory=&categoryId=DOGS\"> could not be scrolled into view\nBuild info: version: '4.23.0', revision: '4df0a231af'\nSystem info: os.name: 'Linux', os.arch: 'amd64', os.version: '6.5.0-1025-azure', java.version: '11.0.24'\nDriver info: org.openqa.selenium.firefox.FirefoxDriver\nCommand: [7a298623-b86d-49c0-ab3e-bc8853b20a32, clickElement {id=9bcb1970-ce5b-43c9-a9ab-c815c0bdf5be}]\nCapabilities {acceptInsecureCerts: true, browserName: firefox, browserVersion: 130.0, moz:accessibilityChecks: false, moz:buildID: 20240829075237, moz:debuggerAddress: 127.0.0.1:8795, moz:geckodriverVersion: 0.35.0, moz:headless: true, moz:platformVersion: 6.5.0-1025-azure, moz:processID: 53297, moz:profile: /tmp/rust_mozprofile8MnuxB, moz:shutdownTimeout: 60000, moz:webdriverClick: true, moz:windowless: false, pageLoadStrategy: normal, platformName: linux, proxy: Proxy(), se:cdp: ws://127.0.0.1:8795/devtool..., se:cdpVersion: 85.0, setWindowRect: true, strictFileInteractability: false, timeouts: {implicit: 0, pageLoad: 300000, script: 30000}, unhandledPromptBehavior: dismiss and notify, userAgent: Mozilla/5.0 (X11; Ubuntu; L...}\nElement: [[FirefoxDriver: firefox on linux (7a298623-b86d-49c0-ab3e-bc8853b20a32)] -> css selector: #MainImageContent area[href*='DOGS']]\nSession ID: 7a298623-b86d-49c0-ab3e-bc8853b20a32\n\tat java.base/jdk.internal.reflect.NativeConstructorAccessorImpl.newInstance0(Native Method)\n\tat java.base/jdk.internal.reflect.NativeConstructorAccessorImpl.newInstance(NativeConstructorAccessorImpl.java:62)\n\tat java.base/jdk.internal.reflect.DelegatingConstructorAccessorImpl.newInstance(DelegatingConstructorAccessorImpl.java:45)\n\tat java.base/java.lang.reflect.Constructor.newInstance(Constructor.java:490)\n\tat org.openqa.selenium.remote.ErrorCodec.decode(ErrorCodec.java:167)\n\tat org.openqa.selenium.remote.codec.w3c.W3CHttpResponseCodec.decode(W3CHttpResponseCodec.java:138)\n\tat org.openqa.selenium.remote.codec.w3c.W3CHttpResponseCodec.decode(W3CHttpResponseCodec.java:50)\n\tat org.openqa.selenium.remote.HttpCommandExecutor.execute(HttpCommandExecutor.java:190)\n\tat org.openqa.selenium.remote.service.DriverCommandExecutor.invokeExecute(DriverCommandExecutor.java:216)\n\tat org.openqa.selenium.remote.service.DriverCommandExecutor.execute(DriverCommandExecutor.java:174)\n\tat org.openqa.selenium.remote.RemoteWebDriver.execute(RemoteWebDriver.java:527)\n\tat org.openqa.selenium.remote.RemoteWebElement.execute(RemoteWebElement.java:223)\n\tat org.openqa.selenium.remote.RemoteWebElement.click(RemoteWebElement.java:76)\n\tat com.octoperf.jpetstore6.utilities.WaitUtils.clickAfterWait(WaitUtils.java:217)\n\tat com.octoperf.jpetstore6.pages.P03_CatalogPage.clickLinkInMainImageByCategoryName(P03_CatalogPage.java:187)\n\tat com.octoperf.jpetstore6.stepDefs.SD02_CatalogPage.i_click_on_the_in_the_main_image_section(SD02_CatalogPage.java:115)\n\tat ✽.I click on the \"Dogs\" in the main image section(file:///home/runner/work/jpetstore6-webui-cross-browser-and-cross-platform-test-automation/jpetstore6-webui-cross-browser-and-cross-platform-test-automation/src/test/resources/features/us07_CategoryPageVerification.feature:79)\n","flaky":false,"newFailed":false,"newBroken":false,"newPassed":false,"retriesCount":0,"retriesStatusChange":false,"beforeStages":[{"name":"com.octoperf.jpetstore6.stepDefs.Hooks.setupMethod()","time":{"start":1726470658915,"stop":1726470662989,"duration":4074},"status":"passed","steps":[],"attachments":[],"parameters":[],"shouldDisplayMessage":false,"stepsCount":0,"attachmentsCount":0,"hasContent":false,"attachmentStep":false}],"testStage":{"description":"  As a user of the JPetStore application,\n  I want to ensure that the Category page displays correctly for different categories and that all functionalities work as expected,\n  So that I can view and navigate through the products in each category without issues.","status":"broken","statusMessage":"Element <area href=\"Catalog.action?viewCategory=&categoryId=DOGS\"> could not be scrolled into view\nBuild info: version: '4.23.0', revision: '4df0a231af'\nSystem info: os.name: 'Linux', os.arch: 'amd64', os.version: '6.5.0-1025-azure', java.version: '11.0.24'\nDriver info: org.openqa.selenium.firefox.FirefoxDriver\nCommand: [7a298623-b86d-49c0-ab3e-bc8853b20a32, clickElement {id=9bcb1970-ce5b-43c9-a9ab-c815c0bdf5be}]\nCapabilities {acceptInsecureCerts: true, browserName: firefox, browserVersion: 130.0, moz:accessibilityChecks: false, moz:buildID: 20240829075237, moz:debuggerAddress: 127.0.0.1:8795, moz:geckodriverVersion: 0.35.0, moz:headless: true, moz:platformVersion: 6.5.0-1025-azure, moz:processID: 53297, moz:profile: /tmp/rust_mozprofile8MnuxB, moz:shutdownTimeout: 60000, moz:webdriverClick: true, moz:windowless: false, pageLoadStrategy: normal, platformName: linux, proxy: Proxy(), se:cdp: ws://127.0.0.1:8795/devtool..., se:cdpVersion: 85.0, setWindowRect: true, strictFileInteractability: false, timeouts: {implicit: 0, pageLoad: 300000, script: 30000}, unhandledPromptBehavior: dismiss and notify, userAgent: Mozilla/5.0 (X11; Ubuntu; L...}\nElement: [[FirefoxDriver: firefox on linux (7a298623-b86d-49c0-ab3e-bc8853b20a32)] -> css selector: #MainImageContent area[href*='DOGS']]\nSession ID: 7a298623-b86d-49c0-ab3e-bc8853b20a32","statusTrace":"org.openqa.selenium.ElementNotInteractableException: Element <area href=\"Catalog.action?viewCategory=&categoryId=DOGS\"> could not be scrolled into view\nBuild info: version: '4.23.0', revision: '4df0a231af'\nSystem info: os.name: 'Linux', os.arch: 'amd64', os.version: '6.5.0-1025-azure', java.version: '11.0.24'\nDriver info: org.openqa.selenium.firefox.FirefoxDriver\nCommand: [7a298623-b86d-49c0-ab3e-bc8853b20a32, clickElement {id=9bcb1970-ce5b-43c9-a9ab-c815c0bdf5be}]\nCapabilities {acceptInsecureCerts: true, browserName: firefox, browserVersion: 130.0, moz:accessibilityChecks: false, moz:buildID: 20240829075237, moz:debuggerAddress: 127.0.0.1:8795, moz:geckodriverVersion: 0.35.0, moz:headless: true, moz:platformVersion: 6.5.0-1025-azure, moz:processID: 53297, moz:profile: /tmp/rust_mozprofile8MnuxB, moz:shutdownTimeout: 60000, moz:webdriverClick: true, moz:windowless: false, pageLoadStrategy: normal, platformName: linux, proxy: Proxy(), se:cdp: ws://127.0.0.1:8795/devtool..., se:cdpVersion: 85.0, setWindowRect: true, strictFileInteractability: false, timeouts: {implicit: 0, pageLoad: 300000, script: 30000}, unhandledPromptBehavior: dismiss and notify, userAgent: Mozilla/5.0 (X11; Ubuntu; L...}\nElement: [[FirefoxDriver: firefox on linux (7a298623-b86d-49c0-ab3e-bc8853b20a32)] -> css selector: #MainImageContent area[href*='DOGS']]\nSession ID: 7a298623-b86d-49c0-ab3e-bc8853b20a32\n\tat java.base/jdk.internal.reflect.NativeConstructorAccessorImpl.newInstance0(Native Method)\n\tat java.base/jdk.internal.reflect.NativeConstructorAccessorImpl.newInstance(NativeConstructorAccessorImpl.java:62)\n\tat java.base/jdk.internal.reflect.DelegatingConstructorAccessorImpl.newInstance(DelegatingConstructorAccessorImpl.java:45)\n\tat java.base/java.lang.reflect.Constructor.newInstance(Constructor.java:490)\n\tat org.openqa.selenium.remote.ErrorCodec.decode(ErrorCodec.java:167)\n\tat org.openqa.selenium.remote.codec.w3c.W3CHttpResponseCodec.decode(W3CHttpResponseCodec.java:138)\n\tat org.openqa.selenium.remote.codec.w3c.W3CHttpResponseCodec.decode(W3CHttpResponseCodec.java:50)\n\tat org.openqa.selenium.remote.HttpCommandExecutor.execute(HttpCommandExecutor.java:190)\n\tat org.openqa.selenium.remote.service.DriverCommandExecutor.invokeExecute(DriverCommandExecutor.java:216)\n\tat org.openqa.selenium.remote.service.DriverCommandExecutor.execute(DriverCommandExecutor.java:174)\n\tat org.openqa.selenium.remote.RemoteWebDriver.execute(RemoteWebDriver.java:527)\n\tat org.openqa.selenium.remote.RemoteWebElement.execute(RemoteWebElement.java:223)\n\tat org.openqa.selenium.remote.RemoteWebElement.click(RemoteWebElement.java:76)\n\tat com.octoperf.jpetstore6.utilities.WaitUtils.clickAfterWait(WaitUtils.java:217)\n\tat com.octoperf.jpetstore6.pages.P03_CatalogPage.clickLinkInMainImageByCategoryName(P03_CatalogPage.java:187)\n\tat com.octoperf.jpetstore6.stepDefs.SD02_CatalogPage.i_click_on_the_in_the_main_image_section(SD02_CatalogPage.java:115)\n\tat ✽.I click on the \"Dogs\" in the main image section(file:///home/runner/work/jpetstore6-webui-cross-browser-and-cross-platform-test-automation/jpetstore6-webui-cross-browser-and-cross-platform-test-automation/src/test/resources/features/us07_CategoryPageVerification.feature:79)\n","steps":[{"name":"Given I am on the \"Welcome\" page","time":{"start":1726470662989,"stop":1726470662990,"duration":1},"status":"passed","steps":[],"attachments":[],"parameters":[],"shouldDisplayMessage":false,"stepsCount":0,"attachmentsCount":0,"hasContent":false,"attachmentStep":false},{"name":"Given I click on the \"Enter The Store Link\"","time":{"start":1726470662990,"stop":1726470663505,"duration":515},"status":"passed","steps":[],"attachments":[],"parameters":[],"shouldDisplayMessage":false,"stepsCount":0,"attachmentsCount":0,"hasContent":false,"attachmentStep":false},{"name":"Given I am on the \"Catalog\" page","time":{"start":1726470663505,"stop":1726470663505,"duration":0},"status":"passed","steps":[],"attachments":[],"parameters":[],"shouldDisplayMessage":false,"stepsCount":0,"attachmentsCount":0,"hasContent":false,"attachmentStep":false},{"name":"When I click on the \"Dogs\" in the main image section","time":{"start":1726470663505,"stop":1726470663551,"duration":46},"status":"broken","statusMessage":"Element <area href=\"Catalog.action?viewCategory=&categoryId=DOGS\"> could not be scrolled into view\nBuild info: version: '4.23.0', revision: '4df0a231af'\nSystem info: os.name: 'Linux', os.arch: 'amd64', os.version: '6.5.0-1025-azure', java.version: '11.0.24'\nDriver info: org.openqa.selenium.firefox.FirefoxDriver\nCommand: [7a298623-b86d-49c0-ab3e-bc8853b20a32, clickElement {id=9bcb1970-ce5b-43c9-a9ab-c815c0bdf5be}]\nCapabilities {acceptInsecureCerts: true, browserName: firefox, browserVersion: 130.0, moz:accessibilityChecks: false, moz:buildID: 20240829075237, moz:debuggerAddress: 127.0.0.1:8795, moz:geckodriverVersion: 0.35.0, moz:headless: true, moz:platformVersion: 6.5.0-1025-azure, moz:processID: 53297, moz:profile: /tmp/rust_mozprofile8MnuxB, moz:shutdownTimeout: 60000, moz:webdriverClick: true, moz:windowless: false, pageLoadStrategy: normal, platformName: linux, proxy: Proxy(), se:cdp: ws://127.0.0.1:8795/devtool..., se:cdpVersion: 85.0, setWindowRect: true, strictFileInteractability: false, timeouts: {implicit: 0, pageLoad: 300000, script: 30000}, unhandledPromptBehavior: dismiss and notify, userAgent: Mozilla/5.0 (X11; Ubuntu; L...}\nElement: [[FirefoxDriver: firefox on linux (7a298623-b86d-49c0-ab3e-bc8853b20a32)] -> css selector: #MainImageContent area[href*='DOGS']]\nSession ID: 7a298623-b86d-49c0-ab3e-bc8853b20a32","statusTrace":"org.openqa.selenium.ElementNotInteractableException: Element <area href=\"Catalog.action?viewCategory=&categoryId=DOGS\"> could not be scrolled into view\nBuild info: version: '4.23.0', revision: '4df0a231af'\nSystem info: os.name: 'Linux', os.arch: 'amd64', os.version: '6.5.0-1025-azure', java.version: '11.0.24'\nDriver info: org.openqa.selenium.firefox.FirefoxDriver\nCommand: [7a298623-b86d-49c0-ab3e-bc8853b20a32, clickElement {id=9bcb1970-ce5b-43c9-a9ab-c815c0bdf5be}]\nCapabilities {acceptInsecureCerts: true, browserName: firefox, browserVersion: 130.0, moz:accessibilityChecks: false, moz:buildID: 20240829075237, moz:debuggerAddress: 127.0.0.1:8795, moz:geckodriverVersion: 0.35.0, moz:headless: true, moz:platformVersion: 6.5.0-1025-azure, moz:processID: 53297, moz:profile: /tmp/rust_mozprofile8MnuxB, moz:shutdownTimeout: 60000, moz:webdriverClick: true, moz:windowless: false, pageLoadStrategy: normal, platformName: linux, proxy: Proxy(), se:cdp: ws://127.0.0.1:8795/devtool..., se:cdpVersion: 85.0, setWindowRect: true, strictFileInteractability: false, timeouts: {implicit: 0, pageLoad: 300000, script: 30000}, unhandledPromptBehavior: dismiss and notify, userAgent: Mozilla/5.0 (X11; Ubuntu; L...}\nElement: [[FirefoxDriver: firefox on linux (7a298623-b86d-49c0-ab3e-bc8853b20a32)] -> css selector: #MainImageContent area[href*='DOGS']]\nSession ID: 7a298623-b86d-49c0-ab3e-bc8853b20a32\n\tat java.base/jdk.internal.reflect.NativeConstructorAccessorImpl.newInstance0(Native Method)\n\tat java.base/jdk.internal.reflect.NativeConstructorAccessorImpl.newInstance(NativeConstructorAccessorImpl.java:62)\n\tat java.base/jdk.internal.reflect.DelegatingConstructorAccessorImpl.newInstance(DelegatingConstructorAccessorImpl.java:45)\n\tat java.base/java.lang.reflect.Constructor.newInstance(Constructor.java:490)\n\tat org.openqa.selenium.remote.ErrorCodec.decode(ErrorCodec.java:167)\n\tat org.openqa.selenium.remote.codec.w3c.W3CHttpResponseCodec.decode(W3CHttpResponseCodec.java:138)\n\tat org.openqa.selenium.remote.codec.w3c.W3CHttpResponseCodec.decode(W3CHttpResponseCodec.java:50)\n\tat org.openqa.selenium.remote.HttpCommandExecutor.execute(HttpCommandExecutor.java:190)\n\tat org.openqa.selenium.remote.service.DriverCommandExecutor.invokeExecute(DriverCommandExecutor.java:216)\n\tat org.openqa.selenium.remote.service.DriverCommandExecutor.execute(DriverCommandExecutor.java:174)\n\tat org.openqa.selenium.remote.RemoteWebDriver.execute(RemoteWebDriver.java:527)\n\tat org.openqa.selenium.remote.RemoteWebElement.execute(RemoteWebElement.java:223)\n\tat org.openqa.selenium.remote.RemoteWebElement.click(RemoteWebElement.java:76)\n\tat com.octoperf.jpetstore6.utilities.WaitUtils.clickAfterWait(WaitUtils.java:217)\n\tat com.octoperf.jpetstore6.pages.P03_CatalogPage.clickLinkInMainImageByCategoryName(P03_CatalogPage.java:187)\n\tat com.octoperf.jpetstore6.stepDefs.SD02_CatalogPage.i_click_on_the_in_the_main_image_section(SD02_CatalogPage.java:115)\n\tat ✽.I click on the \"Dogs\" in the main image section(file:///home/runner/work/jpetstore6-webui-cross-browser-and-cross-platform-test-automation/jpetstore6-webui-cross-browser-and-cross-platform-test-automation/src/test/resources/features/us07_CategoryPageVerification.feature:79)\n","steps":[],"attachments":[],"parameters":[],"shouldDisplayMessage":true,"stepsCount":0,"attachmentsCount":0,"hasContent":true,"attachmentStep":false},{"name":"Then I am on the \"Category\" page","time":{"start":1726470663551,"stop":1726470663551,"duration":0},"status":"skipped","steps":[],"attachments":[],"parameters":[],"shouldDisplayMessage":false,"stepsCount":0,"attachmentsCount":0,"hasContent":false,"attachmentStep":false},{"name":"And The text of the element should match the expected value:","time":{"start":1726470663551,"stop":1726470663552,"duration":1},"status":"skipped","steps":[],"attachments":[{"uid":"ce7678ad9f9f75b0","name":"Data table","source":"ce7678ad9f9f75b0.csv","type":"text/tab-separated-values","size":49}],"parameters":[],"shouldDisplayMessage":false,"stepsCount":0,"attachmentsCount":1,"hasContent":true,"attachmentStep":false},{"name":"And The texts of the \"Table Headers\" should match the expected values:","time":{"start":1726470663552,"stop":1726470663552,"duration":0},"status":"skipped","steps":[],"attachments":[{"uid":"2047f3c4b2a50055","name":"Data table","source":"2047f3c4b2a50055.csv","type":"text/tab-separated-values","size":16}],"parameters":[],"shouldDisplayMessage":false,"stepsCount":0,"attachmentsCount":1,"hasContent":true,"attachmentStep":false},{"name":"And The information of the product \"K9-RT-02\" should match the expected value:","time":{"start":1726470663552,"stop":1726470663553,"duration":1},"status":"skipped","steps":[],"attachments":[{"uid":"b47794c5d17ff33e","name":"Data table","source":"b47794c5d17ff33e.csv","type":"text/tab-separated-values","size":50}],"parameters":[],"shouldDisplayMessage":false,"stepsCount":0,"attachmentsCount":1,"hasContent":true,"attachmentStep":false}],"attachments":[],"parameters":[],"shouldDisplayMessage":false,"stepsCount":8,"attachmentsCount":3,"hasContent":true,"attachmentStep":false},"afterStages":[{"name":"com.octoperf.jpetstore6.stepDefs.Hooks.tearDown(io.cucumber.java.Scenario)","time":{"start":1726470663553,"stop":1726470664705,"duration":1152},"status":"passed","steps":[],"attachments":[{"uid":"bff03741e5b24f2d","name":"Verify Category Page Details from Main Image Section","source":"bff03741e5b24f2d.png","type":"image/png","size":253540},{"uid":"902d28431a047740","name":"Test Log","source":"902d28431a047740.txt","type":"text/plain","size":368722}],"parameters":[],"shouldDisplayMessage":false,"stepsCount":0,"attachmentsCount":2,"hasContent":true,"attachmentStep":false}],"labels":[{"name":"tag","value":"us07"},{"name":"tag","value":"us07ac04"},{"name":"host","value":"fv-az1501-87"},{"name":"thread","value":"1794@fv-az1501-87.pool-3-thread-1(15)"},{"name":"feature","value":"Category Page Verification"},{"name":"story","value":"Verify Category Page Details from Main Image Section"},{"name":"suite","value":"Category Page Verification"},{"name":"testClass","value":"Verify Category Page Details from Main Image Section"},{"name":"framework","value":"cucumber4jvm"},{"name":"language","value":"java"},{"name":"gherkin_uri","value":"file:///home/runner/work/jpetstore6-webui-cross-browser-and-cross-platform-test-automation/jpetstore6-webui-cross-browser-and-cross-platform-test-automation/src/test/resources/features/us07_CategoryPageVerification.feature"},{"name":"package","value":"src.test.resources.features.us07_CategoryPageVerification_feature.Category Page Verification"},{"name":"resultFormat","value":"allure2"}],"parameters":[{"name":"categoryName","value":"Dogs"},{"name":"productId","value":"K9-RT-02"},{"name":"productName","value":"Labrador Retriever"}],"links":[],"hidden":true,"retry":true,"extra":{"categories":[],"tags":["us07","us07ac04"]},"source":"46f1e9923777e32d.json","parameterValues":["Dogs","K9-RT-02","Labrador Retriever"]}