{"uid":"585de0c235b86db3","name":"Verify Category Page Details from Main Image Section","fullName":"src/test/resources/features/us07_CategoryPageVerification.feature:101","historyId":"853670ba11ab8d7e76736c650ee9bf8a","time":{"start":1725347447501,"stop":1725347454036,"duration":6535},"description":"  As a user of the JPetStore application,\n  I want to ensure that the Category page displays correctly for different categories and that all functionalities work as expected,\n  So that I can view and navigate through the products in each category without issues.","descriptionHtml":"<p>As a user of the JPetStore application,<br />\nI want to ensure that the Category page displays correctly for different categories and that all functionalities work as expected,<br />\nSo that I can view and navigate through the products in each category without issues.</p>\n","status":"broken","statusMessage":"Element <area href=\"Catalog.action?viewCategory=&categoryId=DOGS\"> could not be scrolled into view\nBuild info: version: '4.23.0', revision: '4df0a231af'\nSystem info: os.name: 'Linux', os.arch: 'amd64', os.version: '6.5.0-1025-azure', java.version: '11.0.24'\nDriver info: org.openqa.selenium.firefox.FirefoxDriver\nCommand: [8b725344-bd85-4b0b-bd5e-ac68e5f96b09, clickElement {id=be6965a9-6df7-4778-8a71-c46b1b3a59d7}]\nCapabilities {acceptInsecureCerts: true, browserName: firefox, browserVersion: 129.0.2, moz:accessibilityChecks: false, moz:buildID: 20240819150008, moz:debuggerAddress: 127.0.0.1:24627, moz:geckodriverVersion: 0.35.0, moz:headless: true, moz:platformVersion: 6.5.0-1025-azure, moz:processID: 54398, moz:profile: /tmp/rust_mozprofile88V9dU, moz:shutdownTimeout: 60000, moz:webdriverClick: true, moz:windowless: false, pageLoadStrategy: normal, platformName: linux, proxy: Proxy(), se:cdp: ws://127.0.0.1:24627/devtoo..., se:cdpVersion: 85.0, setWindowRect: true, strictFileInteractability: false, timeouts: {implicit: 0, pageLoad: 300000, script: 30000}, unhandledPromptBehavior: dismiss and notify, userAgent: Mozilla/5.0 (X11; Ubuntu; L...}\nElement: [[FirefoxDriver: firefox on linux (8b725344-bd85-4b0b-bd5e-ac68e5f96b09)] -> css selector: #MainImageContent area[href*='DOGS']]\nSession ID: 8b725344-bd85-4b0b-bd5e-ac68e5f96b09","statusTrace":"org.openqa.selenium.ElementNotInteractableException: Element <area href=\"Catalog.action?viewCategory=&categoryId=DOGS\"> could not be scrolled into view\nBuild info: version: '4.23.0', revision: '4df0a231af'\nSystem info: os.name: 'Linux', os.arch: 'amd64', os.version: '6.5.0-1025-azure', java.version: '11.0.24'\nDriver info: org.openqa.selenium.firefox.FirefoxDriver\nCommand: [8b725344-bd85-4b0b-bd5e-ac68e5f96b09, clickElement {id=be6965a9-6df7-4778-8a71-c46b1b3a59d7}]\nCapabilities {acceptInsecureCerts: true, browserName: firefox, browserVersion: 129.0.2, moz:accessibilityChecks: false, moz:buildID: 20240819150008, moz:debuggerAddress: 127.0.0.1:24627, moz:geckodriverVersion: 0.35.0, moz:headless: true, moz:platformVersion: 6.5.0-1025-azure, moz:processID: 54398, moz:profile: /tmp/rust_mozprofile88V9dU, moz:shutdownTimeout: 60000, moz:webdriverClick: true, moz:windowless: false, pageLoadStrategy: normal, platformName: linux, proxy: Proxy(), se:cdp: ws://127.0.0.1:24627/devtoo..., se:cdpVersion: 85.0, setWindowRect: true, strictFileInteractability: false, timeouts: {implicit: 0, pageLoad: 300000, script: 30000}, unhandledPromptBehavior: dismiss and notify, userAgent: Mozilla/5.0 (X11; Ubuntu; L...}\nElement: [[FirefoxDriver: firefox on linux (8b725344-bd85-4b0b-bd5e-ac68e5f96b09)] -> css selector: #MainImageContent area[href*='DOGS']]\nSession ID: 8b725344-bd85-4b0b-bd5e-ac68e5f96b09\n\tat java.base/jdk.internal.reflect.NativeConstructorAccessorImpl.newInstance0(Native Method)\n\tat java.base/jdk.internal.reflect.NativeConstructorAccessorImpl.newInstance(NativeConstructorAccessorImpl.java:62)\n\tat java.base/jdk.internal.reflect.DelegatingConstructorAccessorImpl.newInstance(DelegatingConstructorAccessorImpl.java:45)\n\tat java.base/java.lang.reflect.Constructor.newInstance(Constructor.java:490)\n\tat org.openqa.selenium.remote.ErrorCodec.decode(ErrorCodec.java:167)\n\tat org.openqa.selenium.remote.codec.w3c.W3CHttpResponseCodec.decode(W3CHttpResponseCodec.java:138)\n\tat org.openqa.selenium.remote.codec.w3c.W3CHttpResponseCodec.decode(W3CHttpResponseCodec.java:50)\n\tat org.openqa.selenium.remote.HttpCommandExecutor.execute(HttpCommandExecutor.java:190)\n\tat org.openqa.selenium.remote.service.DriverCommandExecutor.invokeExecute(DriverCommandExecutor.java:216)\n\tat org.openqa.selenium.remote.service.DriverCommandExecutor.execute(DriverCommandExecutor.java:174)\n\tat org.openqa.selenium.remote.RemoteWebDriver.execute(RemoteWebDriver.java:527)\n\tat org.openqa.selenium.remote.RemoteWebElement.execute(RemoteWebElement.java:223)\n\tat org.openqa.selenium.remote.RemoteWebElement.click(RemoteWebElement.java:76)\n\tat com.octoperf.jpetstore6.utilities.WaitUtils.clickAfterWait(WaitUtils.java:217)\n\tat com.octoperf.jpetstore6.pages.P03_CatalogPage.clickLinkInMainImageByCategoryName(P03_CatalogPage.java:187)\n\tat com.octoperf.jpetstore6.stepDefs.SD02_CatalogPage.i_click_on_the_in_the_main_image_section(SD02_CatalogPage.java:115)\n\tat ✽.I click on the \"Dogs\" in the main image section(file:///home/runner/work/jpetstore6-webui-cross-browser-and-cross-platform-test-automation/jpetstore6-webui-cross-browser-and-cross-platform-test-automation/src/test/resources/features/us07_CategoryPageVerification.feature:79)\n","flaky":false,"newFailed":false,"newBroken":false,"newPassed":false,"retriesCount":0,"retriesStatusChange":false,"beforeStages":[{"name":"com.octoperf.jpetstore6.stepDefs.Hooks.setupMethod()","time":{"start":1725347447501,"stop":1725347451737,"duration":4236},"status":"passed","steps":[],"attachments":[],"parameters":[],"shouldDisplayMessage":false,"stepsCount":0,"attachmentsCount":0,"hasContent":false,"attachmentStep":false}],"testStage":{"description":"  As a user of the JPetStore application,\n  I want to ensure that the Category page displays correctly for different categories and that all functionalities work as expected,\n  So that I can view and navigate through the products in each category without issues.","status":"broken","statusMessage":"Element <area href=\"Catalog.action?viewCategory=&categoryId=DOGS\"> could not be scrolled into view\nBuild info: version: '4.23.0', revision: '4df0a231af'\nSystem info: os.name: 'Linux', os.arch: 'amd64', os.version: '6.5.0-1025-azure', java.version: '11.0.24'\nDriver info: org.openqa.selenium.firefox.FirefoxDriver\nCommand: [8b725344-bd85-4b0b-bd5e-ac68e5f96b09, clickElement {id=be6965a9-6df7-4778-8a71-c46b1b3a59d7}]\nCapabilities {acceptInsecureCerts: true, browserName: firefox, browserVersion: 129.0.2, moz:accessibilityChecks: false, moz:buildID: 20240819150008, moz:debuggerAddress: 127.0.0.1:24627, moz:geckodriverVersion: 0.35.0, moz:headless: true, moz:platformVersion: 6.5.0-1025-azure, moz:processID: 54398, moz:profile: /tmp/rust_mozprofile88V9dU, moz:shutdownTimeout: 60000, moz:webdriverClick: true, moz:windowless: false, pageLoadStrategy: normal, platformName: linux, proxy: Proxy(), se:cdp: ws://127.0.0.1:24627/devtoo..., se:cdpVersion: 85.0, setWindowRect: true, strictFileInteractability: false, timeouts: {implicit: 0, pageLoad: 300000, script: 30000}, unhandledPromptBehavior: dismiss and notify, userAgent: Mozilla/5.0 (X11; Ubuntu; L...}\nElement: [[FirefoxDriver: firefox on linux (8b725344-bd85-4b0b-bd5e-ac68e5f96b09)] -> css selector: #MainImageContent area[href*='DOGS']]\nSession ID: 8b725344-bd85-4b0b-bd5e-ac68e5f96b09","statusTrace":"org.openqa.selenium.ElementNotInteractableException: Element <area href=\"Catalog.action?viewCategory=&categoryId=DOGS\"> could not be scrolled into view\nBuild info: version: '4.23.0', revision: '4df0a231af'\nSystem info: os.name: 'Linux', os.arch: 'amd64', os.version: '6.5.0-1025-azure', java.version: '11.0.24'\nDriver info: org.openqa.selenium.firefox.FirefoxDriver\nCommand: [8b725344-bd85-4b0b-bd5e-ac68e5f96b09, clickElement {id=be6965a9-6df7-4778-8a71-c46b1b3a59d7}]\nCapabilities {acceptInsecureCerts: true, browserName: firefox, browserVersion: 129.0.2, moz:accessibilityChecks: false, moz:buildID: 20240819150008, moz:debuggerAddress: 127.0.0.1:24627, moz:geckodriverVersion: 0.35.0, moz:headless: true, moz:platformVersion: 6.5.0-1025-azure, moz:processID: 54398, moz:profile: /tmp/rust_mozprofile88V9dU, moz:shutdownTimeout: 60000, moz:webdriverClick: true, moz:windowless: false, pageLoadStrategy: normal, platformName: linux, proxy: Proxy(), se:cdp: ws://127.0.0.1:24627/devtoo..., se:cdpVersion: 85.0, setWindowRect: true, strictFileInteractability: false, timeouts: {implicit: 0, pageLoad: 300000, script: 30000}, unhandledPromptBehavior: dismiss and notify, userAgent: Mozilla/5.0 (X11; Ubuntu; L...}\nElement: [[FirefoxDriver: firefox on linux (8b725344-bd85-4b0b-bd5e-ac68e5f96b09)] -> css selector: #MainImageContent area[href*='DOGS']]\nSession ID: 8b725344-bd85-4b0b-bd5e-ac68e5f96b09\n\tat java.base/jdk.internal.reflect.NativeConstructorAccessorImpl.newInstance0(Native Method)\n\tat java.base/jdk.internal.reflect.NativeConstructorAccessorImpl.newInstance(NativeConstructorAccessorImpl.java:62)\n\tat java.base/jdk.internal.reflect.DelegatingConstructorAccessorImpl.newInstance(DelegatingConstructorAccessorImpl.java:45)\n\tat java.base/java.lang.reflect.Constructor.newInstance(Constructor.java:490)\n\tat org.openqa.selenium.remote.ErrorCodec.decode(ErrorCodec.java:167)\n\tat org.openqa.selenium.remote.codec.w3c.W3CHttpResponseCodec.decode(W3CHttpResponseCodec.java:138)\n\tat org.openqa.selenium.remote.codec.w3c.W3CHttpResponseCodec.decode(W3CHttpResponseCodec.java:50)\n\tat org.openqa.selenium.remote.HttpCommandExecutor.execute(HttpCommandExecutor.java:190)\n\tat org.openqa.selenium.remote.service.DriverCommandExecutor.invokeExecute(DriverCommandExecutor.java:216)\n\tat org.openqa.selenium.remote.service.DriverCommandExecutor.execute(DriverCommandExecutor.java:174)\n\tat org.openqa.selenium.remote.RemoteWebDriver.execute(RemoteWebDriver.java:527)\n\tat org.openqa.selenium.remote.RemoteWebElement.execute(RemoteWebElement.java:223)\n\tat org.openqa.selenium.remote.RemoteWebElement.click(RemoteWebElement.java:76)\n\tat com.octoperf.jpetstore6.utilities.WaitUtils.clickAfterWait(WaitUtils.java:217)\n\tat com.octoperf.jpetstore6.pages.P03_CatalogPage.clickLinkInMainImageByCategoryName(P03_CatalogPage.java:187)\n\tat com.octoperf.jpetstore6.stepDefs.SD02_CatalogPage.i_click_on_the_in_the_main_image_section(SD02_CatalogPage.java:115)\n\tat ✽.I click on the \"Dogs\" in the main image section(file:///home/runner/work/jpetstore6-webui-cross-browser-and-cross-platform-test-automation/jpetstore6-webui-cross-browser-and-cross-platform-test-automation/src/test/resources/features/us07_CategoryPageVerification.feature:79)\n","steps":[{"name":"Given I am on the \"Welcome\" page","time":{"start":1725347451737,"stop":1725347451737,"duration":0},"status":"passed","steps":[],"attachments":[],"parameters":[],"shouldDisplayMessage":false,"stepsCount":0,"attachmentsCount":0,"hasContent":false,"attachmentStep":false},{"name":"Given I click on the \"Enter The Store Link\"","time":{"start":1725347451737,"stop":1725347452405,"duration":668},"status":"passed","steps":[],"attachments":[],"parameters":[],"shouldDisplayMessage":false,"stepsCount":0,"attachmentsCount":0,"hasContent":false,"attachmentStep":false},{"name":"Given I am on the \"Catalog\" page","time":{"start":1725347452405,"stop":1725347452406,"duration":1},"status":"passed","steps":[],"attachments":[],"parameters":[],"shouldDisplayMessage":false,"stepsCount":0,"attachmentsCount":0,"hasContent":false,"attachmentStep":false},{"name":"When I click on the \"Dogs\" in the main image section","time":{"start":1725347452406,"stop":1725347452486,"duration":80},"status":"broken","statusMessage":"Element <area href=\"Catalog.action?viewCategory=&categoryId=DOGS\"> could not be scrolled into view\nBuild info: version: '4.23.0', revision: '4df0a231af'\nSystem info: os.name: 'Linux', os.arch: 'amd64', os.version: '6.5.0-1025-azure', java.version: '11.0.24'\nDriver info: org.openqa.selenium.firefox.FirefoxDriver\nCommand: [8b725344-bd85-4b0b-bd5e-ac68e5f96b09, clickElement {id=be6965a9-6df7-4778-8a71-c46b1b3a59d7}]\nCapabilities {acceptInsecureCerts: true, browserName: firefox, browserVersion: 129.0.2, moz:accessibilityChecks: false, moz:buildID: 20240819150008, moz:debuggerAddress: 127.0.0.1:24627, moz:geckodriverVersion: 0.35.0, moz:headless: true, moz:platformVersion: 6.5.0-1025-azure, moz:processID: 54398, moz:profile: /tmp/rust_mozprofile88V9dU, moz:shutdownTimeout: 60000, moz:webdriverClick: true, moz:windowless: false, pageLoadStrategy: normal, platformName: linux, proxy: Proxy(), se:cdp: ws://127.0.0.1:24627/devtoo..., se:cdpVersion: 85.0, setWindowRect: true, strictFileInteractability: false, timeouts: {implicit: 0, pageLoad: 300000, script: 30000}, unhandledPromptBehavior: dismiss and notify, userAgent: Mozilla/5.0 (X11; Ubuntu; L...}\nElement: [[FirefoxDriver: firefox on linux (8b725344-bd85-4b0b-bd5e-ac68e5f96b09)] -> css selector: #MainImageContent area[href*='DOGS']]\nSession ID: 8b725344-bd85-4b0b-bd5e-ac68e5f96b09","statusTrace":"org.openqa.selenium.ElementNotInteractableException: Element <area href=\"Catalog.action?viewCategory=&categoryId=DOGS\"> could not be scrolled into view\nBuild info: version: '4.23.0', revision: '4df0a231af'\nSystem info: os.name: 'Linux', os.arch: 'amd64', os.version: '6.5.0-1025-azure', java.version: '11.0.24'\nDriver info: org.openqa.selenium.firefox.FirefoxDriver\nCommand: [8b725344-bd85-4b0b-bd5e-ac68e5f96b09, clickElement {id=be6965a9-6df7-4778-8a71-c46b1b3a59d7}]\nCapabilities {acceptInsecureCerts: true, browserName: firefox, browserVersion: 129.0.2, moz:accessibilityChecks: false, moz:buildID: 20240819150008, moz:debuggerAddress: 127.0.0.1:24627, moz:geckodriverVersion: 0.35.0, moz:headless: true, moz:platformVersion: 6.5.0-1025-azure, moz:processID: 54398, moz:profile: /tmp/rust_mozprofile88V9dU, moz:shutdownTimeout: 60000, moz:webdriverClick: true, moz:windowless: false, pageLoadStrategy: normal, platformName: linux, proxy: Proxy(), se:cdp: ws://127.0.0.1:24627/devtoo..., se:cdpVersion: 85.0, setWindowRect: true, strictFileInteractability: false, timeouts: {implicit: 0, pageLoad: 300000, script: 30000}, unhandledPromptBehavior: dismiss and notify, userAgent: Mozilla/5.0 (X11; Ubuntu; L...}\nElement: [[FirefoxDriver: firefox on linux (8b725344-bd85-4b0b-bd5e-ac68e5f96b09)] -> css selector: #MainImageContent area[href*='DOGS']]\nSession ID: 8b725344-bd85-4b0b-bd5e-ac68e5f96b09\n\tat java.base/jdk.internal.reflect.NativeConstructorAccessorImpl.newInstance0(Native Method)\n\tat java.base/jdk.internal.reflect.NativeConstructorAccessorImpl.newInstance(NativeConstructorAccessorImpl.java:62)\n\tat java.base/jdk.internal.reflect.DelegatingConstructorAccessorImpl.newInstance(DelegatingConstructorAccessorImpl.java:45)\n\tat java.base/java.lang.reflect.Constructor.newInstance(Constructor.java:490)\n\tat org.openqa.selenium.remote.ErrorCodec.decode(ErrorCodec.java:167)\n\tat org.openqa.selenium.remote.codec.w3c.W3CHttpResponseCodec.decode(W3CHttpResponseCodec.java:138)\n\tat org.openqa.selenium.remote.codec.w3c.W3CHttpResponseCodec.decode(W3CHttpResponseCodec.java:50)\n\tat org.openqa.selenium.remote.HttpCommandExecutor.execute(HttpCommandExecutor.java:190)\n\tat org.openqa.selenium.remote.service.DriverCommandExecutor.invokeExecute(DriverCommandExecutor.java:216)\n\tat org.openqa.selenium.remote.service.DriverCommandExecutor.execute(DriverCommandExecutor.java:174)\n\tat org.openqa.selenium.remote.RemoteWebDriver.execute(RemoteWebDriver.java:527)\n\tat org.openqa.selenium.remote.RemoteWebElement.execute(RemoteWebElement.java:223)\n\tat org.openqa.selenium.remote.RemoteWebElement.click(RemoteWebElement.java:76)\n\tat com.octoperf.jpetstore6.utilities.WaitUtils.clickAfterWait(WaitUtils.java:217)\n\tat com.octoperf.jpetstore6.pages.P03_CatalogPage.clickLinkInMainImageByCategoryName(P03_CatalogPage.java:187)\n\tat com.octoperf.jpetstore6.stepDefs.SD02_CatalogPage.i_click_on_the_in_the_main_image_section(SD02_CatalogPage.java:115)\n\tat ✽.I click on the \"Dogs\" in the main image section(file:///home/runner/work/jpetstore6-webui-cross-browser-and-cross-platform-test-automation/jpetstore6-webui-cross-browser-and-cross-platform-test-automation/src/test/resources/features/us07_CategoryPageVerification.feature:79)\n","steps":[],"attachments":[],"parameters":[],"shouldDisplayMessage":true,"stepsCount":0,"attachmentsCount":0,"hasContent":true,"attachmentStep":false},{"name":"Then I am on the \"Category\" page","time":{"start":1725347452487,"stop":1725347452487,"duration":0},"status":"skipped","steps":[],"attachments":[],"parameters":[],"shouldDisplayMessage":false,"stepsCount":0,"attachmentsCount":0,"hasContent":false,"attachmentStep":false},{"name":"And The text of the element should match the expected value:","time":{"start":1725347452487,"stop":1725347452487,"duration":0},"status":"skipped","steps":[],"attachments":[{"uid":"cf40589b16951130","name":"Data table","source":"cf40589b16951130.csv","type":"text/tab-separated-values","size":49}],"parameters":[],"shouldDisplayMessage":false,"stepsCount":0,"attachmentsCount":1,"hasContent":true,"attachmentStep":false},{"name":"And The texts of the \"Table Headers\" should match the expected values:","time":{"start":1725347452487,"stop":1725347452487,"duration":0},"status":"skipped","steps":[],"attachments":[{"uid":"41157d5c2491ec1a","name":"Data table","source":"41157d5c2491ec1a.csv","type":"text/tab-separated-values","size":16}],"parameters":[],"shouldDisplayMessage":false,"stepsCount":0,"attachmentsCount":1,"hasContent":true,"attachmentStep":false},{"name":"And The information of the product \"K9-CW-01\" should match the expected value:","time":{"start":1725347452487,"stop":1725347452487,"duration":0},"status":"skipped","steps":[],"attachments":[{"uid":"e11d8ef506332a70","name":"Data table","source":"e11d8ef506332a70.csv","type":"text/tab-separated-values","size":41}],"parameters":[],"shouldDisplayMessage":false,"stepsCount":0,"attachmentsCount":1,"hasContent":true,"attachmentStep":false}],"attachments":[],"parameters":[],"shouldDisplayMessage":false,"stepsCount":8,"attachmentsCount":3,"hasContent":true,"attachmentStep":false},"afterStages":[{"name":"com.octoperf.jpetstore6.stepDefs.Hooks.tearDown(io.cucumber.java.Scenario)","time":{"start":1725347452487,"stop":1725347454035,"duration":1548},"status":"passed","steps":[],"attachments":[{"uid":"499aa94a53f4292d","name":"Verify Category Page Details from Main Image Section","source":"499aa94a53f4292d.png","type":"image/png","size":253540},{"uid":"773dd330f0d49c77","name":"Test Log","source":"773dd330f0d49c77.txt","type":"text/plain","size":373631}],"parameters":[],"shouldDisplayMessage":false,"stepsCount":0,"attachmentsCount":2,"hasContent":true,"attachmentStep":false}],"labels":[{"name":"tag","value":"us07"},{"name":"tag","value":"us07ac04"},{"name":"host","value":"fv-az973-67"},{"name":"thread","value":"1800@fv-az973-67.pool-3-thread-1(15)"},{"name":"feature","value":"Category Page Verification"},{"name":"story","value":"Verify Category Page Details from Main Image Section"},{"name":"suite","value":"Category Page Verification"},{"name":"testClass","value":"Verify Category Page Details from Main Image Section"},{"name":"framework","value":"cucumber4jvm"},{"name":"language","value":"java"},{"name":"gherkin_uri","value":"file:///home/runner/work/jpetstore6-webui-cross-browser-and-cross-platform-test-automation/jpetstore6-webui-cross-browser-and-cross-platform-test-automation/src/test/resources/features/us07_CategoryPageVerification.feature"},{"name":"package","value":"src.test.resources.features.us07_CategoryPageVerification_feature.Category Page Verification"},{"name":"resultFormat","value":"allure2"}],"parameters":[{"name":"categoryName","value":"Dogs"},{"name":"productId","value":"K9-CW-01"},{"name":"productName","value":"Chihuahua"}],"links":[],"hidden":true,"retry":true,"extra":{"categories":[],"tags":["us07","us07ac04"]},"source":"585de0c235b86db3.json","parameterValues":["Dogs","K9-CW-01","Chihuahua"]}