{"uid":"c70db24aaa725576","name":"Link Verification","fullName":"src/test/resources/features/us08_ProductPageVerification.feature:170","historyId":"7af24abee5bbbe9ddfd4b088cb49b0e2","time":{"start":1723878972647,"stop":1723878978493,"duration":5846},"description":"  As a user,\n  I want to verify the product page functionality,\n  So that I can ensure that the product pages display the correct information and links.","descriptionHtml":"<p>As a user,<br />\nI want to verify the product page functionality,<br />\nSo that I can ensure that the product pages display the correct information and links.</p>\n","status":"broken","statusMessage":"Element <area href=\"Catalog.action?viewCategory=&categoryId=CATS\"> could not be scrolled into view\nBuild info: version: '4.23.0', revision: '4df0a231af'\nSystem info: os.name: 'Linux', os.arch: 'amd64', os.version: '6.5.0-1025-azure', java.version: '11.0.24'\nDriver info: org.openqa.selenium.firefox.FirefoxDriver\nCommand: [6fff4c6c-ee16-430e-a17d-e103b659bd60, clickElement {id=f9c7fe2d-5198-4b5e-b541-e9412d0fae78}]\nCapabilities {acceptInsecureCerts: true, browserName: firefox, browserVersion: 129.0, moz:accessibilityChecks: false, moz:buildID: 20240801122119, moz:debuggerAddress: 127.0.0.1:13716, moz:geckodriverVersion: 0.35.0, moz:headless: true, moz:platformVersion: 6.5.0-1025-azure, moz:processID: 112869, moz:profile: /tmp/rust_mozprofileeHDdus, moz:shutdownTimeout: 60000, moz:webdriverClick: true, moz:windowless: false, pageLoadStrategy: normal, platformName: linux, proxy: Proxy(), se:cdp: ws://127.0.0.1:13716/devtoo..., se:cdpVersion: 85.0, setWindowRect: true, strictFileInteractability: false, timeouts: {implicit: 0, pageLoad: 300000, script: 30000}, unhandledPromptBehavior: dismiss and notify, userAgent: Mozilla/5.0 (X11; Ubuntu; L...}\nElement: [[FirefoxDriver: firefox on linux (6fff4c6c-ee16-430e-a17d-e103b659bd60)] -> css selector: #MainImageContent area[href*='CATS']]\nSession ID: 6fff4c6c-ee16-430e-a17d-e103b659bd60","statusTrace":"org.openqa.selenium.ElementNotInteractableException: Element <area href=\"Catalog.action?viewCategory=&categoryId=CATS\"> could not be scrolled into view\nBuild info: version: '4.23.0', revision: '4df0a231af'\nSystem info: os.name: 'Linux', os.arch: 'amd64', os.version: '6.5.0-1025-azure', java.version: '11.0.24'\nDriver info: org.openqa.selenium.firefox.FirefoxDriver\nCommand: [6fff4c6c-ee16-430e-a17d-e103b659bd60, clickElement {id=f9c7fe2d-5198-4b5e-b541-e9412d0fae78}]\nCapabilities {acceptInsecureCerts: true, browserName: firefox, browserVersion: 129.0, moz:accessibilityChecks: false, moz:buildID: 20240801122119, moz:debuggerAddress: 127.0.0.1:13716, moz:geckodriverVersion: 0.35.0, moz:headless: true, moz:platformVersion: 6.5.0-1025-azure, moz:processID: 112869, moz:profile: /tmp/rust_mozprofileeHDdus, moz:shutdownTimeout: 60000, moz:webdriverClick: true, moz:windowless: false, pageLoadStrategy: normal, platformName: linux, proxy: Proxy(), se:cdp: ws://127.0.0.1:13716/devtoo..., se:cdpVersion: 85.0, setWindowRect: true, strictFileInteractability: false, timeouts: {implicit: 0, pageLoad: 300000, script: 30000}, unhandledPromptBehavior: dismiss and notify, userAgent: Mozilla/5.0 (X11; Ubuntu; L...}\nElement: [[FirefoxDriver: firefox on linux (6fff4c6c-ee16-430e-a17d-e103b659bd60)] -> css selector: #MainImageContent area[href*='CATS']]\nSession ID: 6fff4c6c-ee16-430e-a17d-e103b659bd60\n\tat jdk.internal.reflect.GeneratedConstructorAccessor59.newInstance(Unknown Source)\n\tat java.base/jdk.internal.reflect.DelegatingConstructorAccessorImpl.newInstance(DelegatingConstructorAccessorImpl.java:45)\n\tat java.base/java.lang.reflect.Constructor.newInstance(Constructor.java:490)\n\tat org.openqa.selenium.remote.ErrorCodec.decode(ErrorCodec.java:167)\n\tat org.openqa.selenium.remote.codec.w3c.W3CHttpResponseCodec.decode(W3CHttpResponseCodec.java:138)\n\tat org.openqa.selenium.remote.codec.w3c.W3CHttpResponseCodec.decode(W3CHttpResponseCodec.java:50)\n\tat org.openqa.selenium.remote.HttpCommandExecutor.execute(HttpCommandExecutor.java:190)\n\tat org.openqa.selenium.remote.service.DriverCommandExecutor.invokeExecute(DriverCommandExecutor.java:216)\n\tat org.openqa.selenium.remote.service.DriverCommandExecutor.execute(DriverCommandExecutor.java:174)\n\tat org.openqa.selenium.remote.RemoteWebDriver.execute(RemoteWebDriver.java:527)\n\tat org.openqa.selenium.remote.RemoteWebElement.execute(RemoteWebElement.java:223)\n\tat org.openqa.selenium.remote.RemoteWebElement.click(RemoteWebElement.java:76)\n\tat com.octoperf.jpetstore6.utilities.WaitUtils.clickAfterWait(WaitUtils.java:217)\n\tat com.octoperf.jpetstore6.pages.P03_CatalogPage.clickLinkInMainImageByCategoryName(P03_CatalogPage.java:187)\n\tat com.octoperf.jpetstore6.stepDefs.SD02_CatalogPage.i_click_on_the_in_the_main_image_section(SD02_CatalogPage.java:115)\n\tat ✽.I click on the \"Cats\" in the main image section(file:///home/runner/work/jpetstore6-ui-cross-browser-and-cross-platform-test-automation/jpetstore6-ui-cross-browser-and-cross-platform-test-automation/src/test/resources/features/us08_ProductPageVerification.feature:138)\n","flaky":false,"newFailed":false,"newBroken":false,"newPassed":false,"retriesCount":0,"retriesStatusChange":false,"beforeStages":[{"name":"com.octoperf.jpetstore6.stepDefs.Hooks.setupMethod()","time":{"start":1723878972648,"stop":1723878976378,"duration":3730},"status":"passed","steps":[],"attachments":[],"parameters":[],"shouldDisplayMessage":false,"stepsCount":0,"attachmentsCount":0,"hasContent":false,"attachmentStep":false}],"testStage":{"description":"  As a user,\n  I want to verify the product page functionality,\n  So that I can ensure that the product pages display the correct information and links.","status":"broken","statusMessage":"Element <area href=\"Catalog.action?viewCategory=&categoryId=CATS\"> could not be scrolled into view\nBuild info: version: '4.23.0', revision: '4df0a231af'\nSystem info: os.name: 'Linux', os.arch: 'amd64', os.version: '6.5.0-1025-azure', java.version: '11.0.24'\nDriver info: org.openqa.selenium.firefox.FirefoxDriver\nCommand: [6fff4c6c-ee16-430e-a17d-e103b659bd60, clickElement {id=f9c7fe2d-5198-4b5e-b541-e9412d0fae78}]\nCapabilities {acceptInsecureCerts: true, browserName: firefox, browserVersion: 129.0, moz:accessibilityChecks: false, moz:buildID: 20240801122119, moz:debuggerAddress: 127.0.0.1:13716, moz:geckodriverVersion: 0.35.0, moz:headless: true, moz:platformVersion: 6.5.0-1025-azure, moz:processID: 112869, moz:profile: /tmp/rust_mozprofileeHDdus, moz:shutdownTimeout: 60000, moz:webdriverClick: true, moz:windowless: false, pageLoadStrategy: normal, platformName: linux, proxy: Proxy(), se:cdp: ws://127.0.0.1:13716/devtoo..., se:cdpVersion: 85.0, setWindowRect: true, strictFileInteractability: false, timeouts: {implicit: 0, pageLoad: 300000, script: 30000}, unhandledPromptBehavior: dismiss and notify, userAgent: Mozilla/5.0 (X11; Ubuntu; L...}\nElement: [[FirefoxDriver: firefox on linux (6fff4c6c-ee16-430e-a17d-e103b659bd60)] -> css selector: #MainImageContent area[href*='CATS']]\nSession ID: 6fff4c6c-ee16-430e-a17d-e103b659bd60","statusTrace":"org.openqa.selenium.ElementNotInteractableException: Element <area href=\"Catalog.action?viewCategory=&categoryId=CATS\"> could not be scrolled into view\nBuild info: version: '4.23.0', revision: '4df0a231af'\nSystem info: os.name: 'Linux', os.arch: 'amd64', os.version: '6.5.0-1025-azure', java.version: '11.0.24'\nDriver info: org.openqa.selenium.firefox.FirefoxDriver\nCommand: [6fff4c6c-ee16-430e-a17d-e103b659bd60, clickElement {id=f9c7fe2d-5198-4b5e-b541-e9412d0fae78}]\nCapabilities {acceptInsecureCerts: true, browserName: firefox, browserVersion: 129.0, moz:accessibilityChecks: false, moz:buildID: 20240801122119, moz:debuggerAddress: 127.0.0.1:13716, moz:geckodriverVersion: 0.35.0, moz:headless: true, moz:platformVersion: 6.5.0-1025-azure, moz:processID: 112869, moz:profile: /tmp/rust_mozprofileeHDdus, moz:shutdownTimeout: 60000, moz:webdriverClick: true, moz:windowless: false, pageLoadStrategy: normal, platformName: linux, proxy: Proxy(), se:cdp: ws://127.0.0.1:13716/devtoo..., se:cdpVersion: 85.0, setWindowRect: true, strictFileInteractability: false, timeouts: {implicit: 0, pageLoad: 300000, script: 30000}, unhandledPromptBehavior: dismiss and notify, userAgent: Mozilla/5.0 (X11; Ubuntu; L...}\nElement: [[FirefoxDriver: firefox on linux (6fff4c6c-ee16-430e-a17d-e103b659bd60)] -> css selector: #MainImageContent area[href*='CATS']]\nSession ID: 6fff4c6c-ee16-430e-a17d-e103b659bd60\n\tat jdk.internal.reflect.GeneratedConstructorAccessor59.newInstance(Unknown Source)\n\tat java.base/jdk.internal.reflect.DelegatingConstructorAccessorImpl.newInstance(DelegatingConstructorAccessorImpl.java:45)\n\tat java.base/java.lang.reflect.Constructor.newInstance(Constructor.java:490)\n\tat org.openqa.selenium.remote.ErrorCodec.decode(ErrorCodec.java:167)\n\tat org.openqa.selenium.remote.codec.w3c.W3CHttpResponseCodec.decode(W3CHttpResponseCodec.java:138)\n\tat org.openqa.selenium.remote.codec.w3c.W3CHttpResponseCodec.decode(W3CHttpResponseCodec.java:50)\n\tat org.openqa.selenium.remote.HttpCommandExecutor.execute(HttpCommandExecutor.java:190)\n\tat org.openqa.selenium.remote.service.DriverCommandExecutor.invokeExecute(DriverCommandExecutor.java:216)\n\tat org.openqa.selenium.remote.service.DriverCommandExecutor.execute(DriverCommandExecutor.java:174)\n\tat org.openqa.selenium.remote.RemoteWebDriver.execute(RemoteWebDriver.java:527)\n\tat org.openqa.selenium.remote.RemoteWebElement.execute(RemoteWebElement.java:223)\n\tat org.openqa.selenium.remote.RemoteWebElement.click(RemoteWebElement.java:76)\n\tat com.octoperf.jpetstore6.utilities.WaitUtils.clickAfterWait(WaitUtils.java:217)\n\tat com.octoperf.jpetstore6.pages.P03_CatalogPage.clickLinkInMainImageByCategoryName(P03_CatalogPage.java:187)\n\tat com.octoperf.jpetstore6.stepDefs.SD02_CatalogPage.i_click_on_the_in_the_main_image_section(SD02_CatalogPage.java:115)\n\tat ✽.I click on the \"Cats\" in the main image section(file:///home/runner/work/jpetstore6-ui-cross-browser-and-cross-platform-test-automation/jpetstore6-ui-cross-browser-and-cross-platform-test-automation/src/test/resources/features/us08_ProductPageVerification.feature:138)\n","steps":[{"name":"Given I am on the \"Welcome\" page","time":{"start":1723878976379,"stop":1723878976379,"duration":0},"status":"passed","steps":[],"attachments":[],"parameters":[],"shouldDisplayMessage":false,"stepsCount":0,"attachmentsCount":0,"hasContent":false,"attachmentStep":false},{"name":"Given I click on the \"Enter The Store Link\"","time":{"start":1723878976379,"stop":1723878977249,"duration":870},"status":"passed","steps":[],"attachments":[],"parameters":[],"shouldDisplayMessage":false,"stepsCount":0,"attachmentsCount":0,"hasContent":false,"attachmentStep":false},{"name":"Given I am on the \"Catalog\" page","time":{"start":1723878977249,"stop":1723878977250,"duration":1},"status":"passed","steps":[],"attachments":[],"parameters":[],"shouldDisplayMessage":false,"stepsCount":0,"attachmentsCount":0,"hasContent":false,"attachmentStep":false},{"name":"When I click on the \"Cats\" in the main image section","time":{"start":1723878977250,"stop":1723878977279,"duration":29},"status":"broken","statusMessage":"Element <area href=\"Catalog.action?viewCategory=&categoryId=CATS\"> could not be scrolled into view\nBuild info: version: '4.23.0', revision: '4df0a231af'\nSystem info: os.name: 'Linux', os.arch: 'amd64', os.version: '6.5.0-1025-azure', java.version: '11.0.24'\nDriver info: org.openqa.selenium.firefox.FirefoxDriver\nCommand: [6fff4c6c-ee16-430e-a17d-e103b659bd60, clickElement {id=f9c7fe2d-5198-4b5e-b541-e9412d0fae78}]\nCapabilities {acceptInsecureCerts: true, browserName: firefox, browserVersion: 129.0, moz:accessibilityChecks: false, moz:buildID: 20240801122119, moz:debuggerAddress: 127.0.0.1:13716, moz:geckodriverVersion: 0.35.0, moz:headless: true, moz:platformVersion: 6.5.0-1025-azure, moz:processID: 112869, moz:profile: /tmp/rust_mozprofileeHDdus, moz:shutdownTimeout: 60000, moz:webdriverClick: true, moz:windowless: false, pageLoadStrategy: normal, platformName: linux, proxy: Proxy(), se:cdp: ws://127.0.0.1:13716/devtoo..., se:cdpVersion: 85.0, setWindowRect: true, strictFileInteractability: false, timeouts: {implicit: 0, pageLoad: 300000, script: 30000}, unhandledPromptBehavior: dismiss and notify, userAgent: Mozilla/5.0 (X11; Ubuntu; L...}\nElement: [[FirefoxDriver: firefox on linux (6fff4c6c-ee16-430e-a17d-e103b659bd60)] -> css selector: #MainImageContent area[href*='CATS']]\nSession ID: 6fff4c6c-ee16-430e-a17d-e103b659bd60","statusTrace":"org.openqa.selenium.ElementNotInteractableException: Element <area href=\"Catalog.action?viewCategory=&categoryId=CATS\"> could not be scrolled into view\nBuild info: version: '4.23.0', revision: '4df0a231af'\nSystem info: os.name: 'Linux', os.arch: 'amd64', os.version: '6.5.0-1025-azure', java.version: '11.0.24'\nDriver info: org.openqa.selenium.firefox.FirefoxDriver\nCommand: [6fff4c6c-ee16-430e-a17d-e103b659bd60, clickElement {id=f9c7fe2d-5198-4b5e-b541-e9412d0fae78}]\nCapabilities {acceptInsecureCerts: true, browserName: firefox, browserVersion: 129.0, moz:accessibilityChecks: false, moz:buildID: 20240801122119, moz:debuggerAddress: 127.0.0.1:13716, moz:geckodriverVersion: 0.35.0, moz:headless: true, moz:platformVersion: 6.5.0-1025-azure, moz:processID: 112869, moz:profile: /tmp/rust_mozprofileeHDdus, moz:shutdownTimeout: 60000, moz:webdriverClick: true, moz:windowless: false, pageLoadStrategy: normal, platformName: linux, proxy: Proxy(), se:cdp: ws://127.0.0.1:13716/devtoo..., se:cdpVersion: 85.0, setWindowRect: true, strictFileInteractability: false, timeouts: {implicit: 0, pageLoad: 300000, script: 30000}, unhandledPromptBehavior: dismiss and notify, userAgent: Mozilla/5.0 (X11; Ubuntu; L...}\nElement: [[FirefoxDriver: firefox on linux (6fff4c6c-ee16-430e-a17d-e103b659bd60)] -> css selector: #MainImageContent area[href*='CATS']]\nSession ID: 6fff4c6c-ee16-430e-a17d-e103b659bd60\n\tat jdk.internal.reflect.GeneratedConstructorAccessor59.newInstance(Unknown Source)\n\tat java.base/jdk.internal.reflect.DelegatingConstructorAccessorImpl.newInstance(DelegatingConstructorAccessorImpl.java:45)\n\tat java.base/java.lang.reflect.Constructor.newInstance(Constructor.java:490)\n\tat org.openqa.selenium.remote.ErrorCodec.decode(ErrorCodec.java:167)\n\tat org.openqa.selenium.remote.codec.w3c.W3CHttpResponseCodec.decode(W3CHttpResponseCodec.java:138)\n\tat org.openqa.selenium.remote.codec.w3c.W3CHttpResponseCodec.decode(W3CHttpResponseCodec.java:50)\n\tat org.openqa.selenium.remote.HttpCommandExecutor.execute(HttpCommandExecutor.java:190)\n\tat org.openqa.selenium.remote.service.DriverCommandExecutor.invokeExecute(DriverCommandExecutor.java:216)\n\tat org.openqa.selenium.remote.service.DriverCommandExecutor.execute(DriverCommandExecutor.java:174)\n\tat org.openqa.selenium.remote.RemoteWebDriver.execute(RemoteWebDriver.java:527)\n\tat org.openqa.selenium.remote.RemoteWebElement.execute(RemoteWebElement.java:223)\n\tat org.openqa.selenium.remote.RemoteWebElement.click(RemoteWebElement.java:76)\n\tat com.octoperf.jpetstore6.utilities.WaitUtils.clickAfterWait(WaitUtils.java:217)\n\tat com.octoperf.jpetstore6.pages.P03_CatalogPage.clickLinkInMainImageByCategoryName(P03_CatalogPage.java:187)\n\tat com.octoperf.jpetstore6.stepDefs.SD02_CatalogPage.i_click_on_the_in_the_main_image_section(SD02_CatalogPage.java:115)\n\tat ✽.I click on the \"Cats\" in the main image section(file:///home/runner/work/jpetstore6-ui-cross-browser-and-cross-platform-test-automation/jpetstore6-ui-cross-browser-and-cross-platform-test-automation/src/test/resources/features/us08_ProductPageVerification.feature:138)\n","steps":[],"attachments":[],"parameters":[],"shouldDisplayMessage":true,"stepsCount":0,"attachmentsCount":0,"hasContent":true,"attachmentStep":false},{"name":"Then I am on the \"Category\" page","time":{"start":1723878977280,"stop":1723878977280,"duration":0},"status":"skipped","steps":[],"attachments":[],"parameters":[],"shouldDisplayMessage":false,"stepsCount":0,"attachmentsCount":0,"hasContent":false,"attachmentStep":false},{"name":"When I click on the product \"FL-DSH-01\"","time":{"start":1723878977280,"stop":1723878977280,"duration":0},"status":"skipped","steps":[],"attachments":[],"parameters":[],"shouldDisplayMessage":false,"stepsCount":0,"attachmentsCount":0,"hasContent":false,"attachmentStep":false},{"name":"Then I am on the \"Product\" page","time":{"start":1723878977280,"stop":1723878977280,"duration":0},"status":"skipped","steps":[],"attachments":[],"parameters":[],"shouldDisplayMessage":false,"stepsCount":0,"attachmentsCount":0,"hasContent":false,"attachmentStep":false},{"name":"And The \"href\" value of the element should match the expected value:","time":{"start":1723878977280,"stop":1723878977280,"duration":0},"status":"skipped","steps":[],"attachments":[{"uid":"ab5cfd67ea8b47","name":"Data table","source":"ab5cfd67ea8b47.csv","type":"text/tab-separated-values","size":93}],"parameters":[],"shouldDisplayMessage":false,"stepsCount":0,"attachmentsCount":1,"hasContent":true,"attachmentStep":false},{"name":"And The href value of the item link \"EST-15\" should match the expected value:","time":{"start":1723878977280,"stop":1723878977280,"duration":0},"status":"skipped","steps":[],"attachments":[{"uid":"bb3ab2bd65dd2d97","name":"Data table","source":"bb3ab2bd65dd2d97.csv","type":"text/tab-separated-values","size":77}],"parameters":[],"shouldDisplayMessage":false,"stepsCount":0,"attachmentsCount":1,"hasContent":true,"attachmentStep":false},{"name":"And The href value of the add to cart button for item ID \"EST-15\" should match the expected value:","time":{"start":1723878977280,"stop":1723878977280,"duration":0},"status":"skipped","steps":[],"attachments":[{"uid":"87960e0837da833a","name":"Data table","source":"87960e0837da833a.csv","type":"text/tab-separated-values","size":86}],"parameters":[],"shouldDisplayMessage":false,"stepsCount":0,"attachmentsCount":1,"hasContent":true,"attachmentStep":false}],"attachments":[],"parameters":[],"shouldDisplayMessage":false,"stepsCount":10,"attachmentsCount":3,"hasContent":true,"attachmentStep":false},"afterStages":[{"name":"com.octoperf.jpetstore6.stepDefs.Hooks.tearDown(io.cucumber.java.Scenario)","time":{"start":1723878977280,"stop":1723878978493,"duration":1213},"status":"passed","steps":[],"attachments":[{"uid":"329c7707e75def0e","name":"Link Verification","source":"329c7707e75def0e.png","type":"image/png","size":253540},{"uid":"ab39106feb12f648","name":"Test Log","source":"ab39106feb12f648.txt","type":"text/plain","size":794729}],"parameters":[],"shouldDisplayMessage":false,"stepsCount":0,"attachmentsCount":2,"hasContent":true,"attachmentStep":false}],"labels":[{"name":"tag","value":"us08"},{"name":"tag","value":"us08ac04"},{"name":"host","value":"fv-az695-987"},{"name":"thread","value":"1804@fv-az695-987.pool-3-thread-3(17)"},{"name":"feature","value":"Product Page Verification"},{"name":"story","value":"Link Verification"},{"name":"suite","value":"Product Page Verification"},{"name":"testClass","value":"Link Verification"},{"name":"framework","value":"cucumber4jvm"},{"name":"language","value":"java"},{"name":"gherkin_uri","value":"file:///home/runner/work/jpetstore6-ui-cross-browser-and-cross-platform-test-automation/jpetstore6-ui-cross-browser-and-cross-platform-test-automation/src/test/resources/features/us08_ProductPageVerification.feature"},{"name":"package","value":"src.test.resources.features.us08_ProductPageVerification_feature.Product Page Verification"},{"name":"resultFormat","value":"allure2"}],"parameters":[{"name":"addToCartButtonHrefValue","value":"https://petstore.octoperf.com/actions/Cart.action?addItemToCart=&workingItemId=EST-15"},{"name":"backLinkURL","value":"https://petstore.octoperf.com/actions/Catalog.action?viewCategory=&categoryId=CATS"},{"name":"categoryLink","value":"Cats"},{"name":"itemId","value":"EST-15"},{"name":"itemIdHrefValue","value":"https://petstore.octoperf.com/actions/Catalog.action?viewItem=&itemId=EST-15"},{"name":"productId","value":"FL-DSH-01"}],"links":[],"hidden":true,"retry":true,"extra":{"categories":[],"tags":["us08","us08ac04"]},"source":"c70db24aaa725576.json","parameterValues":["https://petstore.octoperf.com/actions/Cart.action?addItemToCart=&workingItemId=EST-15","https://petstore.octoperf.com/actions/Catalog.action?viewCategory=&categoryId=CATS","Cats","EST-15","https://petstore.octoperf.com/actions/Catalog.action?viewItem=&itemId=EST-15","FL-DSH-01"]}