{"uid":"fe36382293f068d8","name":"Link Verification","fullName":"src/test/resources/features/us08_ProductPageVerification.feature:162","historyId":"5e5284b4af6747518f0a26a85ddffcfd","time":{"start":1729149392452,"stop":1729149399613,"duration":7161},"description":"  As a user,\n  I want to verify the product page functionality,\n  So that I can ensure that the product pages display the correct information and links.","descriptionHtml":"<p>As a user,<br />\nI want to verify the product page functionality,<br />\nSo that I can ensure that the product pages display the correct information and links.</p>\n","status":"broken","statusMessage":"Element <area href=\"Catalog.action?viewCategory=&categoryId=DOGS\"> could not be scrolled into view\nBuild info: version: '4.23.0', revision: '4df0a231af'\nSystem info: os.name: 'Linux', os.arch: 'amd64', os.version: '6.5.0-1025-azure', java.version: '11.0.24'\nDriver info: org.openqa.selenium.firefox.FirefoxDriver\nCommand: [1b0b3168-a828-4a6e-ac0f-5f9932094106, clickElement {id=cef5fb5f-f4b2-4bde-82f7-d326888482f9}]\nCapabilities {acceptInsecureCerts: true, browserName: firefox, browserVersion: 131.0, moz:accessibilityChecks: false, moz:buildID: 20240923135042, moz:debuggerAddress: 127.0.0.1:27911, moz:geckodriverVersion: 0.35.0, moz:headless: true, moz:platformVersion: 6.5.0-1025-azure, moz:processID: 105505, moz:profile: /tmp/rust_mozprofilelrPmso, moz:shutdownTimeout: 60000, moz:webdriverClick: true, moz:windowless: false, pageLoadStrategy: normal, platformName: linux, proxy: Proxy(), se:cdp: ws://127.0.0.1:27911/devtoo..., se:cdpVersion: 85.0, setWindowRect: true, strictFileInteractability: false, timeouts: {implicit: 0, pageLoad: 300000, script: 30000}, unhandledPromptBehavior: dismiss and notify, userAgent: Mozilla/5.0 (X11; Ubuntu; L...}\nElement: [[FirefoxDriver: firefox on linux (1b0b3168-a828-4a6e-ac0f-5f9932094106)] -> css selector: #MainImageContent area[href*='DOGS']]\nSession ID: 1b0b3168-a828-4a6e-ac0f-5f9932094106","statusTrace":"org.openqa.selenium.ElementNotInteractableException: Element <area href=\"Catalog.action?viewCategory=&categoryId=DOGS\"> could not be scrolled into view\nBuild info: version: '4.23.0', revision: '4df0a231af'\nSystem info: os.name: 'Linux', os.arch: 'amd64', os.version: '6.5.0-1025-azure', java.version: '11.0.24'\nDriver info: org.openqa.selenium.firefox.FirefoxDriver\nCommand: [1b0b3168-a828-4a6e-ac0f-5f9932094106, clickElement {id=cef5fb5f-f4b2-4bde-82f7-d326888482f9}]\nCapabilities {acceptInsecureCerts: true, browserName: firefox, browserVersion: 131.0, moz:accessibilityChecks: false, moz:buildID: 20240923135042, moz:debuggerAddress: 127.0.0.1:27911, moz:geckodriverVersion: 0.35.0, moz:headless: true, moz:platformVersion: 6.5.0-1025-azure, moz:processID: 105505, moz:profile: /tmp/rust_mozprofilelrPmso, moz:shutdownTimeout: 60000, moz:webdriverClick: true, moz:windowless: false, pageLoadStrategy: normal, platformName: linux, proxy: Proxy(), se:cdp: ws://127.0.0.1:27911/devtoo..., se:cdpVersion: 85.0, setWindowRect: true, strictFileInteractability: false, timeouts: {implicit: 0, pageLoad: 300000, script: 30000}, unhandledPromptBehavior: dismiss and notify, userAgent: Mozilla/5.0 (X11; Ubuntu; L...}\nElement: [[FirefoxDriver: firefox on linux (1b0b3168-a828-4a6e-ac0f-5f9932094106)] -> css selector: #MainImageContent area[href*='DOGS']]\nSession ID: 1b0b3168-a828-4a6e-ac0f-5f9932094106\n\tat jdk.internal.reflect.GeneratedConstructorAccessor54.newInstance(Unknown Source)\n\tat java.base/jdk.internal.reflect.DelegatingConstructorAccessorImpl.newInstance(DelegatingConstructorAccessorImpl.java:45)\n\tat java.base/java.lang.reflect.Constructor.newInstance(Constructor.java:490)\n\tat org.openqa.selenium.remote.ErrorCodec.decode(ErrorCodec.java:167)\n\tat org.openqa.selenium.remote.codec.w3c.W3CHttpResponseCodec.decode(W3CHttpResponseCodec.java:138)\n\tat org.openqa.selenium.remote.codec.w3c.W3CHttpResponseCodec.decode(W3CHttpResponseCodec.java:50)\n\tat org.openqa.selenium.remote.HttpCommandExecutor.execute(HttpCommandExecutor.java:190)\n\tat org.openqa.selenium.remote.service.DriverCommandExecutor.invokeExecute(DriverCommandExecutor.java:216)\n\tat org.openqa.selenium.remote.service.DriverCommandExecutor.execute(DriverCommandExecutor.java:174)\n\tat org.openqa.selenium.remote.RemoteWebDriver.execute(RemoteWebDriver.java:527)\n\tat org.openqa.selenium.remote.RemoteWebElement.execute(RemoteWebElement.java:223)\n\tat org.openqa.selenium.remote.RemoteWebElement.click(RemoteWebElement.java:76)\n\tat com.octoperf.jpetstore6.utilities.WaitUtils.clickAfterWait(WaitUtils.java:217)\n\tat com.octoperf.jpetstore6.pages.P03_CatalogPage.clickLinkInMainImageByCategoryName(P03_CatalogPage.java:187)\n\tat com.octoperf.jpetstore6.stepDefs.SD02_CatalogPage.i_click_on_the_in_the_main_image_section(SD02_CatalogPage.java:115)\n\tat ✽.I click on the \"Dogs\" in the main image section(file:///home/runner/work/jpetstore6-webui-cross-browser-and-cross-platform-test-automation/jpetstore6-webui-cross-browser-and-cross-platform-test-automation/src/test/resources/features/us08_ProductPageVerification.feature:138)\n","flaky":false,"newFailed":false,"newBroken":false,"newPassed":false,"retriesCount":0,"retriesStatusChange":false,"beforeStages":[{"name":"com.octoperf.jpetstore6.stepDefs.Hooks.setupMethod()","time":{"start":1729149392452,"stop":1729149397639,"duration":5187},"status":"passed","steps":[],"attachments":[],"parameters":[],"shouldDisplayMessage":false,"stepsCount":0,"attachmentsCount":0,"hasContent":false,"attachmentStep":false}],"testStage":{"description":"  As a user,\n  I want to verify the product page functionality,\n  So that I can ensure that the product pages display the correct information and links.","status":"broken","statusMessage":"Element <area href=\"Catalog.action?viewCategory=&categoryId=DOGS\"> could not be scrolled into view\nBuild info: version: '4.23.0', revision: '4df0a231af'\nSystem info: os.name: 'Linux', os.arch: 'amd64', os.version: '6.5.0-1025-azure', java.version: '11.0.24'\nDriver info: org.openqa.selenium.firefox.FirefoxDriver\nCommand: [1b0b3168-a828-4a6e-ac0f-5f9932094106, clickElement {id=cef5fb5f-f4b2-4bde-82f7-d326888482f9}]\nCapabilities {acceptInsecureCerts: true, browserName: firefox, browserVersion: 131.0, moz:accessibilityChecks: false, moz:buildID: 20240923135042, moz:debuggerAddress: 127.0.0.1:27911, moz:geckodriverVersion: 0.35.0, moz:headless: true, moz:platformVersion: 6.5.0-1025-azure, moz:processID: 105505, moz:profile: /tmp/rust_mozprofilelrPmso, moz:shutdownTimeout: 60000, moz:webdriverClick: true, moz:windowless: false, pageLoadStrategy: normal, platformName: linux, proxy: Proxy(), se:cdp: ws://127.0.0.1:27911/devtoo..., se:cdpVersion: 85.0, setWindowRect: true, strictFileInteractability: false, timeouts: {implicit: 0, pageLoad: 300000, script: 30000}, unhandledPromptBehavior: dismiss and notify, userAgent: Mozilla/5.0 (X11; Ubuntu; L...}\nElement: [[FirefoxDriver: firefox on linux (1b0b3168-a828-4a6e-ac0f-5f9932094106)] -> css selector: #MainImageContent area[href*='DOGS']]\nSession ID: 1b0b3168-a828-4a6e-ac0f-5f9932094106","statusTrace":"org.openqa.selenium.ElementNotInteractableException: Element <area href=\"Catalog.action?viewCategory=&categoryId=DOGS\"> could not be scrolled into view\nBuild info: version: '4.23.0', revision: '4df0a231af'\nSystem info: os.name: 'Linux', os.arch: 'amd64', os.version: '6.5.0-1025-azure', java.version: '11.0.24'\nDriver info: org.openqa.selenium.firefox.FirefoxDriver\nCommand: [1b0b3168-a828-4a6e-ac0f-5f9932094106, clickElement {id=cef5fb5f-f4b2-4bde-82f7-d326888482f9}]\nCapabilities {acceptInsecureCerts: true, browserName: firefox, browserVersion: 131.0, moz:accessibilityChecks: false, moz:buildID: 20240923135042, moz:debuggerAddress: 127.0.0.1:27911, moz:geckodriverVersion: 0.35.0, moz:headless: true, moz:platformVersion: 6.5.0-1025-azure, moz:processID: 105505, moz:profile: /tmp/rust_mozprofilelrPmso, moz:shutdownTimeout: 60000, moz:webdriverClick: true, moz:windowless: false, pageLoadStrategy: normal, platformName: linux, proxy: Proxy(), se:cdp: ws://127.0.0.1:27911/devtoo..., se:cdpVersion: 85.0, setWindowRect: true, strictFileInteractability: false, timeouts: {implicit: 0, pageLoad: 300000, script: 30000}, unhandledPromptBehavior: dismiss and notify, userAgent: Mozilla/5.0 (X11; Ubuntu; L...}\nElement: [[FirefoxDriver: firefox on linux (1b0b3168-a828-4a6e-ac0f-5f9932094106)] -> css selector: #MainImageContent area[href*='DOGS']]\nSession ID: 1b0b3168-a828-4a6e-ac0f-5f9932094106\n\tat jdk.internal.reflect.GeneratedConstructorAccessor54.newInstance(Unknown Source)\n\tat java.base/jdk.internal.reflect.DelegatingConstructorAccessorImpl.newInstance(DelegatingConstructorAccessorImpl.java:45)\n\tat java.base/java.lang.reflect.Constructor.newInstance(Constructor.java:490)\n\tat org.openqa.selenium.remote.ErrorCodec.decode(ErrorCodec.java:167)\n\tat org.openqa.selenium.remote.codec.w3c.W3CHttpResponseCodec.decode(W3CHttpResponseCodec.java:138)\n\tat org.openqa.selenium.remote.codec.w3c.W3CHttpResponseCodec.decode(W3CHttpResponseCodec.java:50)\n\tat org.openqa.selenium.remote.HttpCommandExecutor.execute(HttpCommandExecutor.java:190)\n\tat org.openqa.selenium.remote.service.DriverCommandExecutor.invokeExecute(DriverCommandExecutor.java:216)\n\tat org.openqa.selenium.remote.service.DriverCommandExecutor.execute(DriverCommandExecutor.java:174)\n\tat org.openqa.selenium.remote.RemoteWebDriver.execute(RemoteWebDriver.java:527)\n\tat org.openqa.selenium.remote.RemoteWebElement.execute(RemoteWebElement.java:223)\n\tat org.openqa.selenium.remote.RemoteWebElement.click(RemoteWebElement.java:76)\n\tat com.octoperf.jpetstore6.utilities.WaitUtils.clickAfterWait(WaitUtils.java:217)\n\tat com.octoperf.jpetstore6.pages.P03_CatalogPage.clickLinkInMainImageByCategoryName(P03_CatalogPage.java:187)\n\tat com.octoperf.jpetstore6.stepDefs.SD02_CatalogPage.i_click_on_the_in_the_main_image_section(SD02_CatalogPage.java:115)\n\tat ✽.I click on the \"Dogs\" in the main image section(file:///home/runner/work/jpetstore6-webui-cross-browser-and-cross-platform-test-automation/jpetstore6-webui-cross-browser-and-cross-platform-test-automation/src/test/resources/features/us08_ProductPageVerification.feature:138)\n","steps":[{"name":"Given I am on the \"Welcome\" page","time":{"start":1729149397640,"stop":1729149397640,"duration":0},"status":"passed","steps":[],"attachments":[],"parameters":[],"shouldDisplayMessage":false,"stepsCount":0,"attachmentsCount":0,"hasContent":false,"attachmentStep":false},{"name":"Given I click on the \"Enter The Store Link\"","time":{"start":1729149397640,"stop":1729149398297,"duration":657},"status":"passed","steps":[],"attachments":[],"parameters":[],"shouldDisplayMessage":false,"stepsCount":0,"attachmentsCount":0,"hasContent":false,"attachmentStep":false},{"name":"Given I am on the \"Catalog\" page","time":{"start":1729149398297,"stop":1729149398297,"duration":0},"status":"passed","steps":[],"attachments":[],"parameters":[],"shouldDisplayMessage":false,"stepsCount":0,"attachmentsCount":0,"hasContent":false,"attachmentStep":false},{"name":"When I click on the \"Dogs\" in the main image section","time":{"start":1729149398297,"stop":1729149398325,"duration":28},"status":"broken","statusMessage":"Element <area href=\"Catalog.action?viewCategory=&categoryId=DOGS\"> could not be scrolled into view\nBuild info: version: '4.23.0', revision: '4df0a231af'\nSystem info: os.name: 'Linux', os.arch: 'amd64', os.version: '6.5.0-1025-azure', java.version: '11.0.24'\nDriver info: org.openqa.selenium.firefox.FirefoxDriver\nCommand: [1b0b3168-a828-4a6e-ac0f-5f9932094106, clickElement {id=cef5fb5f-f4b2-4bde-82f7-d326888482f9}]\nCapabilities {acceptInsecureCerts: true, browserName: firefox, browserVersion: 131.0, moz:accessibilityChecks: false, moz:buildID: 20240923135042, moz:debuggerAddress: 127.0.0.1:27911, moz:geckodriverVersion: 0.35.0, moz:headless: true, moz:platformVersion: 6.5.0-1025-azure, moz:processID: 105505, moz:profile: /tmp/rust_mozprofilelrPmso, moz:shutdownTimeout: 60000, moz:webdriverClick: true, moz:windowless: false, pageLoadStrategy: normal, platformName: linux, proxy: Proxy(), se:cdp: ws://127.0.0.1:27911/devtoo..., se:cdpVersion: 85.0, setWindowRect: true, strictFileInteractability: false, timeouts: {implicit: 0, pageLoad: 300000, script: 30000}, unhandledPromptBehavior: dismiss and notify, userAgent: Mozilla/5.0 (X11; Ubuntu; L...}\nElement: [[FirefoxDriver: firefox on linux (1b0b3168-a828-4a6e-ac0f-5f9932094106)] -> css selector: #MainImageContent area[href*='DOGS']]\nSession ID: 1b0b3168-a828-4a6e-ac0f-5f9932094106","statusTrace":"org.openqa.selenium.ElementNotInteractableException: Element <area href=\"Catalog.action?viewCategory=&categoryId=DOGS\"> could not be scrolled into view\nBuild info: version: '4.23.0', revision: '4df0a231af'\nSystem info: os.name: 'Linux', os.arch: 'amd64', os.version: '6.5.0-1025-azure', java.version: '11.0.24'\nDriver info: org.openqa.selenium.firefox.FirefoxDriver\nCommand: [1b0b3168-a828-4a6e-ac0f-5f9932094106, clickElement {id=cef5fb5f-f4b2-4bde-82f7-d326888482f9}]\nCapabilities {acceptInsecureCerts: true, browserName: firefox, browserVersion: 131.0, moz:accessibilityChecks: false, moz:buildID: 20240923135042, moz:debuggerAddress: 127.0.0.1:27911, moz:geckodriverVersion: 0.35.0, moz:headless: true, moz:platformVersion: 6.5.0-1025-azure, moz:processID: 105505, moz:profile: /tmp/rust_mozprofilelrPmso, moz:shutdownTimeout: 60000, moz:webdriverClick: true, moz:windowless: false, pageLoadStrategy: normal, platformName: linux, proxy: Proxy(), se:cdp: ws://127.0.0.1:27911/devtoo..., se:cdpVersion: 85.0, setWindowRect: true, strictFileInteractability: false, timeouts: {implicit: 0, pageLoad: 300000, script: 30000}, unhandledPromptBehavior: dismiss and notify, userAgent: Mozilla/5.0 (X11; Ubuntu; L...}\nElement: [[FirefoxDriver: firefox on linux (1b0b3168-a828-4a6e-ac0f-5f9932094106)] -> css selector: #MainImageContent area[href*='DOGS']]\nSession ID: 1b0b3168-a828-4a6e-ac0f-5f9932094106\n\tat jdk.internal.reflect.GeneratedConstructorAccessor54.newInstance(Unknown Source)\n\tat java.base/jdk.internal.reflect.DelegatingConstructorAccessorImpl.newInstance(DelegatingConstructorAccessorImpl.java:45)\n\tat java.base/java.lang.reflect.Constructor.newInstance(Constructor.java:490)\n\tat org.openqa.selenium.remote.ErrorCodec.decode(ErrorCodec.java:167)\n\tat org.openqa.selenium.remote.codec.w3c.W3CHttpResponseCodec.decode(W3CHttpResponseCodec.java:138)\n\tat org.openqa.selenium.remote.codec.w3c.W3CHttpResponseCodec.decode(W3CHttpResponseCodec.java:50)\n\tat org.openqa.selenium.remote.HttpCommandExecutor.execute(HttpCommandExecutor.java:190)\n\tat org.openqa.selenium.remote.service.DriverCommandExecutor.invokeExecute(DriverCommandExecutor.java:216)\n\tat org.openqa.selenium.remote.service.DriverCommandExecutor.execute(DriverCommandExecutor.java:174)\n\tat org.openqa.selenium.remote.RemoteWebDriver.execute(RemoteWebDriver.java:527)\n\tat org.openqa.selenium.remote.RemoteWebElement.execute(RemoteWebElement.java:223)\n\tat org.openqa.selenium.remote.RemoteWebElement.click(RemoteWebElement.java:76)\n\tat com.octoperf.jpetstore6.utilities.WaitUtils.clickAfterWait(WaitUtils.java:217)\n\tat com.octoperf.jpetstore6.pages.P03_CatalogPage.clickLinkInMainImageByCategoryName(P03_CatalogPage.java:187)\n\tat com.octoperf.jpetstore6.stepDefs.SD02_CatalogPage.i_click_on_the_in_the_main_image_section(SD02_CatalogPage.java:115)\n\tat ✽.I click on the \"Dogs\" in the main image section(file:///home/runner/work/jpetstore6-webui-cross-browser-and-cross-platform-test-automation/jpetstore6-webui-cross-browser-and-cross-platform-test-automation/src/test/resources/features/us08_ProductPageVerification.feature:138)\n","steps":[],"attachments":[],"parameters":[],"shouldDisplayMessage":true,"stepsCount":0,"attachmentsCount":0,"hasContent":true,"attachmentStep":false},{"name":"Then I am on the \"Category\" page","time":{"start":1729149398325,"stop":1729149398325,"duration":0},"status":"skipped","steps":[],"attachments":[],"parameters":[],"shouldDisplayMessage":false,"stepsCount":0,"attachmentsCount":0,"hasContent":false,"attachmentStep":false},{"name":"When I click on the product \"K9-RT-01\"","time":{"start":1729149398325,"stop":1729149398325,"duration":0},"status":"skipped","steps":[],"attachments":[],"parameters":[],"shouldDisplayMessage":false,"stepsCount":0,"attachmentsCount":0,"hasContent":false,"attachmentStep":false},{"name":"Then I am on the \"Product\" page","time":{"start":1729149398325,"stop":1729149398325,"duration":0},"status":"skipped","steps":[],"attachments":[],"parameters":[],"shouldDisplayMessage":false,"stepsCount":0,"attachmentsCount":0,"hasContent":false,"attachmentStep":false},{"name":"And The \"href\" value of the element should match the expected value:","time":{"start":1729149398325,"stop":1729149398326,"duration":1},"status":"skipped","steps":[],"attachments":[{"uid":"77f487c9bb28f76a","name":"Data table","source":"77f487c9bb28f76a.csv","type":"text/tab-separated-values","size":93}],"parameters":[],"shouldDisplayMessage":false,"stepsCount":0,"attachmentsCount":1,"hasContent":true,"attachmentStep":false},{"name":"And The href value of the item link \"EST-28\" should match the expected value:","time":{"start":1729149398326,"stop":1729149398326,"duration":0},"status":"skipped","steps":[],"attachments":[{"uid":"dafb9f5ff361a667","name":"Data table","source":"dafb9f5ff361a667.csv","type":"text/tab-separated-values","size":77}],"parameters":[],"shouldDisplayMessage":false,"stepsCount":0,"attachmentsCount":1,"hasContent":true,"attachmentStep":false},{"name":"And The href value of the add to cart button for item ID \"EST-28\" should match the expected value:","time":{"start":1729149398326,"stop":1729149398326,"duration":0},"status":"skipped","steps":[],"attachments":[{"uid":"6e7a383a1d96664d","name":"Data table","source":"6e7a383a1d96664d.csv","type":"text/tab-separated-values","size":86}],"parameters":[],"shouldDisplayMessage":false,"stepsCount":0,"attachmentsCount":1,"hasContent":true,"attachmentStep":false}],"attachments":[],"parameters":[],"shouldDisplayMessage":false,"stepsCount":10,"attachmentsCount":3,"hasContent":true,"attachmentStep":false},"afterStages":[{"name":"com.octoperf.jpetstore6.stepDefs.Hooks.tearDown(io.cucumber.java.Scenario)","time":{"start":1729149398326,"stop":1729149399612,"duration":1286},"status":"passed","steps":[],"attachments":[{"uid":"2a6fdf8233d76153","name":"Link Verification","source":"2a6fdf8233d76153.png","type":"image/png","size":253540},{"uid":"935d17b7dd810678","name":"Test Log","source":"935d17b7dd810678.txt","type":"text/plain","size":745201}],"parameters":[],"shouldDisplayMessage":false,"stepsCount":0,"attachmentsCount":2,"hasContent":true,"attachmentStep":false}],"labels":[{"name":"tag","value":"us08"},{"name":"tag","value":"us08ac04"},{"name":"host","value":"fv-az1501-493"},{"name":"thread","value":"1860@fv-az1501-493.pool-3-thread-3(17)"},{"name":"feature","value":"Product Page Verification"},{"name":"story","value":"Link Verification"},{"name":"suite","value":"Product Page Verification"},{"name":"testClass","value":"Link Verification"},{"name":"framework","value":"cucumber4jvm"},{"name":"language","value":"java"},{"name":"gherkin_uri","value":"file:///home/runner/work/jpetstore6-webui-cross-browser-and-cross-platform-test-automation/jpetstore6-webui-cross-browser-and-cross-platform-test-automation/src/test/resources/features/us08_ProductPageVerification.feature"},{"name":"package","value":"src.test.resources.features.us08_ProductPageVerification_feature.Product Page Verification"},{"name":"resultFormat","value":"allure2"}],"parameters":[{"name":"addToCartButtonHrefValue","value":"https://petstore.octoperf.com/actions/Cart.action?addItemToCart=&workingItemId=EST-28"},{"name":"backLinkURL","value":"https://petstore.octoperf.com/actions/Catalog.action?viewCategory=&categoryId=DOGS"},{"name":"categoryLink","value":"Dogs"},{"name":"itemId","value":"EST-28"},{"name":"itemIdHrefValue","value":"https://petstore.octoperf.com/actions/Catalog.action?viewItem=&itemId=EST-28"},{"name":"productId","value":"K9-RT-01"}],"links":[],"hidden":true,"retry":true,"extra":{"categories":[],"tags":["us08","us08ac04"]},"source":"fe36382293f068d8.json","parameterValues":["https://petstore.octoperf.com/actions/Cart.action?addItemToCart=&workingItemId=EST-28","https://petstore.octoperf.com/actions/Catalog.action?viewCategory=&categoryId=DOGS","Dogs","EST-28","https://petstore.octoperf.com/actions/Catalog.action?viewItem=&itemId=EST-28","K9-RT-01"]}